# JRE version: 7.0_21-b02
# Java VM: OpenJDK 64-Bit Server VM (23.7-b01 mixed mode linux-amd64 compressed oops)
Heap
 PSYoungGen      total 25856K, used 16461K [0x00000007d70b0000, 0x00000007d9620000, 0x0000000800000000)
  eden space 14144K, 68% used [0x00000007d70b0000,0x00000007d7a22340,0x00000007d7e80000)
  from space 11712K, 57% used [0x00000007d8ab0000,0x00000007d9151360,0x00000007d9620000)
  to   space 12096K, 0% used [0x00000007d7e80000,0x00000007d7e80000,0x00000007d8a50000)
 ParOldGen       total 83904K, used 51116K [0x0000000785200000, 0x000000078a3f0000, 0x00000007d70b0000)
  object space 83904K, 60% used [0x0000000785200000,0x00000007883eb090,0x000000078a3f0000)
 PSPermGen       total 21248K, used 10016K [0x000000077ac00000, 0x000000077c0c0000, 0x0000000785200000)
  object space 21248K, 47% used [0x000000077ac00000,0x000000077b5c81d0,0x000000077c0c0000)
GC Heap History (10 events):
Event: 189.261 GC heap before
{Heap before GC invocations=44 (full 0):
 PSYoungGen      total 22400K, used 22339K [0x00000007d70b0000, 0x00000007d9910000, 0x0000000800000000)
  eden space 15104K, 99% used [0x00000007d70b0000,0x00000007d7f6efb8,0x00000007d7f70000)
  from space 7296K, 99% used [0x00000007d7fa0000,0x00000007d86b1f28,0x00000007d86c0000)
  to   space 13120K, 0% used [0x00000007d8c40000,0x00000007d8c40000,0x00000007d9910000)
 ParOldGen       total 83904K, used 50428K [0x0000000785200000, 0x000000078a3f0000, 0x00000007d70b0000)
  object space 83904K, 60% used [0x0000000785200000,0x000000078833f050,0x000000078a3f0000)
 PSPermGen       total 21248K, used 9582K [0x000000077ac00000, 0x000000077c0c0000, 0x0000000785200000)
  object space 21248K, 45% used [0x000000077ac00000,0x000000077b55ba30,0x000000077c0c0000)
Event: 189.268 GC heap after
Heap after GC invocations=44 (full 0):
 PSYoungGen      total 27456K, used 7211K [0x00000007d70b0000, 0x00000007d9880000, 0x0000000800000000)
  eden space 14912K, 0% used [0x00000007d70b0000,0x00000007d70b0000,0x00000007d7f40000)
  from space 12544K, 57% used [0x00000007d8c40000,0x00000007d934ad08,0x00000007d9880000)
  to   space 12928K, 0% used [0x00000007d7f40000,0x00000007d7f40000,0x00000007d8be0000)
 ParOldGen       total 83904K, used 50500K [0x0000000785200000, 0x000000078a3f0000, 0x00000007d70b0000)
  object space 83904K, 60% used [0x0000000785200000,0x0000000788351050,0x000000078a3f0000)
 PSPermGen       total 21248K, used 9582K [0x000000077ac00000, 0x000000077c0c0000, 0x0000000785200000)
  object space 21248K, 45% used [0x000000077ac00000,0x000000077b55ba30,0x000000077c0c0000)
}
Event: 192.473 GC heap before
{Heap before GC invocations=45 (full 0):
 PSYoungGen      total 27456K, used 22123K [0x00000007d70b0000, 0x00000007d9880000, 0x0000000800000000)
  eden space 14912K, 100% used [0x00000007d70b0000,0x00000007d7f40000,0x00000007d7f40000)
  from space 12544K, 57% used [0x00000007d8c40000,0x00000007d934ad08,0x00000007d9880000)
  to   space 12928K, 0% used [0x00000007d7f40000,0x00000007d7f40000,0x00000007d8be0000)
 ParOldGen       total 83904K, used 50500K [0x0000000785200000, 0x000000078a3f0000, 0x00000007d70b0000)
  object space 83904K, 60% used [0x0000000785200000,0x0000000788351050,0x000000078a3f0000)
 PSPermGen       total 21248K, used 9582K [0x000000077ac00000, 0x000000077c0c0000, 0x0000000785200000)
  object space 21248K, 45% used [0x000000077ac00000,0x000000077b55bad0,0x000000077c0c0000)
Event: 192.484 GC heap after
Heap after GC invocations=45 (full 0):
 PSYoungGen      total 22272K, used 7501K [0x00000007d70b0000, 0x00000007d97d0000, 0x0000000800000000)
  eden space 14720K, 0% used [0x00000007d70b0000,0x00000007d70b0000,0x00000007d7f10000)
  from space 7552K, 99% used [0x00000007d7f40000,0x00000007d86934f8,0x00000007d86a0000)
  to   space 12672K, 0% used [0x00000007d8b70000,0x00000007d8b70000,0x00000007d97d0000)
 ParOldGen       total 83904K, used 50604K [0x0000000785200000, 0x000000078a3f0000, 0x00000007d70b0000)
  object space 83904K, 60% used [0x0000000785200000,0x000000078836b060,0x000000078a3f0000)
 PSPermGen       total 21248K, used 9582K [0x000000077ac00000, 0x000000077c0c0000, 0x0000000785200000)
  object space 21248K, 45% used [0x000000077ac00000,0x000000077b55bad0,0x000000077c0c0000)
}
Event: 195.119 GC heap before
{Heap before GC invocations=46 (full 0):
 PSYoungGen      total 22272K, used 22221K [0x00000007d70b0000, 0x00000007d97d0000, 0x0000000800000000)
  eden space 14720K, 100% used [0x00000007d70b0000,0x00000007d7f10000,0x00000007d7f10000)
  from space 7552K, 99% used [0x00000007d7f40000,0x00000007d86934f8,0x00000007d86a0000)
  to   space 12672K, 0% used [0x00000007d8b70000,0x00000007d8b70000,0x00000007d97d0000)
 ParOldGen       total 83904K, used 50604K [0x0000000785200000, 0x000000078a3f0000, 0x00000007d70b0000)
  object space 83904K, 60% used [0x0000000785200000,0x000000078836b060,0x000000078a3f0000)
 PSPermGen       total 21248K, used 9678K [0x000000077ac00000, 0x000000077c0c0000, 0x0000000785200000)
  object space 21248K, 45% used [0x000000077ac00000,0x000000077b573b60,0x000000077c0c0000)
Event: 195.125 GC heap after
Heap after GC invocations=46 (full 0):
 PSYoungGen      total 26624K, used 7058K [0x00000007d70b0000, 0x00000007d9740000, 0x0000000800000000)
  eden space 14528K, 0% used [0x00000007d70b0000,0x00000007d70b0000,0x00000007d7ee0000)
  from space 12096K, 58% used [0x00000007d8b70000,0x00000007d9254900,0x00000007d9740000)
  to   space 12480K, 0% used [0x00000007d7ee0000,0x00000007d7ee0000,0x00000007d8b10000)
 ParOldGen       total 83904K, used 50956K [0x0000000785200000, 0x000000078a3f0000, 0x00000007d70b0000)
  object space 83904K, 60% used [0x0000000785200000,0x00000007883c3080,0x000000078a3f0000)
 PSPermGen       total 21248K, used 9678K [0x000000077ac00000, 0x000000077c0c0000, 0x0000000785200000)
  object space 21248K, 45% used [0x000000077ac00000,0x000000077b573b60,0x000000077c0c0000)
}
Event: 199.215 GC heap before
{Heap before GC invocations=47 (full 0):
 PSYoungGen      total 26624K, used 21586K [0x00000007d70b0000, 0x00000007d9740000, 0x0000000800000000)
  eden space 14528K, 100% used [0x00000007d70b0000,0x00000007d7ee0000,0x00000007d7ee0000)
  from space 12096K, 58% used [0x00000007d8b70000,0x00000007d9254900,0x00000007d9740000)
  to   space 12480K, 0% used [0x00000007d7ee0000,0x00000007d7ee0000,0x00000007d8b10000)
 ParOldGen       total 83904K, used 50956K [0x0000000785200000, 0x000000078a3f0000, 0x00000007d70b0000)
  object space 83904K, 60% used [0x0000000785200000,0x00000007883c3080,0x000000078a3f0000)
 PSPermGen       total 21248K, used 9756K [0x000000077ac00000, 0x000000077c0c0000, 0x0000000785200000)
  object space 21248K, 45% used [0x000000077ac00000,0x000000077b587348,0x000000077c0c0000)
Event: 199.226 GC heap after
Heap after GC invocations=47 (full 0):
 PSYoungGen      total 21440K, used 7086K [0x00000007d70b0000, 0x00000007d96b0000, 0x0000000800000000)
  eden space 14336K, 0% used [0x00000007d70b0000,0x00000007d70b0000,0x00000007d7eb0000)
  from space 7104K, 99% used [0x00000007d7ee0000,0x00000007d85cbb00,0x00000007d85d0000)
  to   space 12288K, 0% used [0x00000007d8ab0000,0x00000007d8ab0000,0x00000007d96b0000)
 ParOldGen       total 83904K, used 51044K [0x0000000785200000, 0x000000078a3f0000, 0x00000007d70b0000)
  object space 83904K, 60% used [0x0000000785200000,0x00000007883d9090,0x000000078a3f0000)
 PSPermGen       total 21248K, used 9756K [0x000000077ac00000, 0x000000077c0c0000, 0x0000000785200000)
  object space 21248K, 45% used [0x000000077ac00000,0x000000077b587348,0x000000077c0c0000)
}
Event: 202.859 GC heap before
{Heap before GC invocations=48 (full 0):
 PSYoungGen      total 21440K, used 21400K [0x00000007d70b0000, 0x00000007d96b0000, 0x0000000800000000)
  eden space 14336K, 99% used [0x00000007d70b0000,0x00000007d7eaa720,0x00000007d7eb0000)
  from space 7104K, 99% used [0x00000007d7ee0000,0x00000007d85cbb00,0x00000007d85d0000)
  to   space 12288K, 0% used [0x00000007d8ab0000,0x00000007d8ab0000,0x00000007d96b0000)
 ParOldGen       total 83904K, used 51044K [0x0000000785200000, 0x000000078a3f0000, 0x00000007d70b0000)
  object space 83904K, 60% used [0x0000000785200000,0x00000007883d9090,0x000000078a3f0000)
 PSPermGen       total 21248K, used 9999K [0x000000077ac00000, 0x000000077c0c0000, 0x0000000785200000)
  object space 21248K, 47% used [0x000000077ac00000,0x000000077b5c3ed0,0x000000077c0c0000)
Event: 202.868 GC heap after
Heap after GC invocations=48 (full 0):
 PSYoungGen      total 25856K, used 6788K [0x00000007d70b0000, 0x00000007d9620000, 0x0000000800000000)
  eden space 14144K, 0% used [0x00000007d70b0000,0x00000007d70b0000,0x00000007d7e80000)
  from space 11712K, 57% used [0x00000007d8ab0000,0x00000007d9151360,0x00000007d9620000)
  to   space 12096K, 0% used [0x00000007d7e80000,0x00000007d7e80000,0x00000007d8a50000)
 ParOldGen       total 83904K, used 51116K [0x0000000785200000, 0x000000078a3f0000, 0x00000007d70b0000)
  object space 83904K, 60% used [0x0000000785200000,0x00000007883eb090,0x000000078a3f0000)
 PSPermGen       total 21248K, used 9999K [0x000000077ac00000, 0x000000077c0c0000, 0x0000000785200000)
  object space 21248K, 47% used [0x000000077ac00000,0x000000077b5c3ed0,0x000000077c0c0000)
}

