# JRE version: 7.0_21-b02
# Java VM: OpenJDK 64-Bit Server VM (23.7-b01 mixed mode linux-amd64 compressed oops)
Heap
 PSYoungGen      total 10880K, used 6057K [0x00000007d70b0000, 0x00000007d7f20000, 0x0000000800000000)
  eden space 6976K, 37% used [0x00000007d70b0000,0x00000007d733ce88,0x00000007d7780000)
  from space 3904K, 88% used [0x00000007d7b50000,0x00000007d7ead8f0,0x00000007d7f20000)
  to   space 3904K, 0% used [0x00000007d7780000,0x00000007d7780000,0x00000007d7b50000)
 ParOldGen       total 83904K, used 60372K [0x0000000785200000, 0x000000078a3f0000, 0x00000007d70b0000)
  object space 83904K, 71% used [0x0000000785200000,0x0000000788cf5198,0x000000078a3f0000)
 PSPermGen       total 21248K, used 15615K [0x000000077ac00000, 0x000000077c0c0000, 0x0000000785200000)
  object space 21248K, 73% used [0x000000077ac00000,0x000000077bb3fdb8,0x000000077c0c0000)
GC Heap History (10 events):
Event: 296.589 GC heap before
{Heap before GC invocations=146 (full 0):
 PSYoungGen      total 10944K, used 10724K [0x00000007d70b0000, 0x00000007d7f60000, 0x0000000800000000)
  eden space 6976K, 100% used [0x00000007d70b0000,0x00000007d7780000,0x00000007d7780000)
  from space 3968K, 94% used [0x00000007d7780000,0x00000007d7b290c0,0x00000007d7b60000)
  to   space 4032K, 0% used [0x00000007d7b70000,0x00000007d7b70000,0x00000007d7f60000)
 ParOldGen       total 83904K, used 59464K [0x0000000785200000, 0x000000078a3f0000, 0x00000007d70b0000)
  object space 83904K, 70% used [0x0000000785200000,0x0000000788c12178,0x000000078a3f0000)
 PSPermGen       total 21248K, used 14539K [0x000000077ac00000, 0x000000077c0c0000, 0x0000000785200000)
  object space 21248K, 68% used [0x000000077ac00000,0x000000077ba32db0,0x000000077c0c0000)
Event: 296.597 GC heap after
Heap after GC invocations=146 (full 0):
 PSYoungGen      total 10880K, used 3485K [0x00000007d70b0000, 0x00000007d7f40000, 0x0000000800000000)
  eden space 6976K, 0% used [0x00000007d70b0000,0x00000007d70b0000,0x00000007d7780000)
  from space 3904K, 89% used [0x00000007d7b70000,0x00000007d7ed7590,0x00000007d7f40000)
  to   space 3968K, 0% used [0x00000007d7780000,0x00000007d7780000,0x00000007d7b60000)
 ParOldGen       total 83904K, used 60032K [0x0000000785200000, 0x000000078a3f0000, 0x00000007d70b0000)
  object space 83904K, 71% used [0x0000000785200000,0x0000000788ca0188,0x000000078a3f0000)
 PSPermGen       total 21248K, used 14539K [0x000000077ac00000, 0x000000077c0c0000, 0x0000000785200000)
  object space 21248K, 68% used [0x000000077ac00000,0x000000077ba32db0,0x000000077c0c0000)
}
Event: 298.380 GC heap before
{Heap before GC invocations=147 (full 0):
 PSYoungGen      total 10880K, used 10461K [0x00000007d70b0000, 0x00000007d7f40000, 0x0000000800000000)
  eden space 6976K, 100% used [0x00000007d70b0000,0x00000007d7780000,0x00000007d7780000)
  from space 3904K, 89% used [0x00000007d7b70000,0x00000007d7ed7590,0x00000007d7f40000)
  to   space 3968K, 0% used [0x00000007d7780000,0x00000007d7780000,0x00000007d7b60000)
 ParOldGen       total 83904K, used 60032K [0x0000000785200000, 0x000000078a3f0000, 0x00000007d70b0000)
  object space 83904K, 71% used [0x0000000785200000,0x0000000788ca0188,0x000000078a3f0000)
 PSPermGen       total 21248K, used 14573K [0x000000077ac00000, 0x000000077c0c0000, 0x0000000785200000)
  object space 21248K, 68% used [0x000000077ac00000,0x000000077ba3b628,0x000000077c0c0000)
Event: 298.393 GC heap after
Heap after GC invocations=147 (full 0):
 PSYoungGen      total 10944K, used 3342K [0x00000007d70b0000, 0x00000007d7f40000, 0x0000000800000000)
  eden space 6976K, 0% used [0x00000007d70b0000,0x00000007d70b0000,0x00000007d7780000)
  from space 3968K, 84% used [0x00000007d7780000,0x00000007d7ac39a8,0x00000007d7b60000)
  to   space 3968K, 0% used [0x00000007d7b60000,0x00000007d7b60000,0x00000007d7f40000)
 ParOldGen       total 83904K, used 60158K [0x0000000785200000, 0x000000078a3f0000, 0x00000007d70b0000)
  object space 83904K, 71% used [0x0000000785200000,0x0000000788cbf870,0x000000078a3f0000)
 PSPermGen       total 21248K, used 14573K [0x000000077ac00000, 0x000000077c0c0000, 0x0000000785200000)
  object space 21248K, 68% used [0x000000077ac00000,0x000000077ba3b628,0x000000077c0c0000)
}
Event: 300.156 GC heap before
{Heap before GC invocations=148 (full 0):
 PSYoungGen      total 10944K, used 10318K [0x00000007d70b0000, 0x00000007d7f40000, 0x0000000800000000)
  eden space 6976K, 100% used [0x00000007d70b0000,0x00000007d7780000,0x00000007d7780000)
  from space 3968K, 84% used [0x00000007d7780000,0x00000007d7ac39a8,0x00000007d7b60000)
  to   space 3968K, 0% used [0x00000007d7b60000,0x00000007d7b60000,0x00000007d7f40000)
 ParOldGen       total 83904K, used 60158K [0x0000000785200000, 0x000000078a3f0000, 0x00000007d70b0000)
  object space 83904K, 71% used [0x0000000785200000,0x0000000788cbf870,0x000000078a3f0000)
 PSPermGen       total 21248K, used 14657K [0x000000077ac00000, 0x000000077c0c0000, 0x0000000785200000)
  object space 21248K, 68% used [0x000000077ac00000,0x000000077ba50700,0x000000077c0c0000)
Event: 300.166 GC heap after
Heap after GC invocations=148 (full 0):
 PSYoungGen      total 10944K, used 3599K [0x00000007d70b0000, 0x00000007d7f40000, 0x0000000800000000)
  eden space 6976K, 0% used [0x00000007d70b0000,0x00000007d70b0000,0x00000007d7780000)
  from space 3968K, 90% used [0x00000007d7b60000,0x00000007d7ee3c00,0x00000007d7f40000)
  to   space 3968K, 0% used [0x00000007d7780000,0x00000007d7780000,0x00000007d7b60000)
 ParOldGen       total 83904K, used 60268K [0x0000000785200000, 0x000000078a3f0000, 0x00000007d70b0000)
  object space 83904K, 71% used [0x0000000785200000,0x0000000788cdb188,0x000000078a3f0000)
 PSPermGen       total 21248K, used 14657K [0x000000077ac00000, 0x000000077c0c0000, 0x0000000785200000)
  object space 21248K, 68% used [0x000000077ac00000,0x000000077ba50700,0x000000077c0c0000)
}
Event: 302.220 GC heap before
{Heap before GC invocations=149 (full 0):
 PSYoungGen      total 10944K, used 10575K [0x00000007d70b0000, 0x00000007d7f40000, 0x0000000800000000)
  eden space 6976K, 100% used [0x00000007d70b0000,0x00000007d7780000,0x00000007d7780000)
  from space 3968K, 90% used [0x00000007d7b60000,0x00000007d7ee3c00,0x00000007d7f40000)
  to   space 3968K, 0% used [0x00000007d7780000,0x00000007d7780000,0x00000007d7b60000)
 ParOldGen       total 83904K, used 60268K [0x0000000785200000, 0x000000078a3f0000, 0x00000007d70b0000)
  object space 83904K, 71% used [0x0000000785200000,0x0000000788cdb188,0x000000078a3f0000)
 PSPermGen       total 21248K, used 14727K [0x000000077ac00000, 0x000000077c0c0000, 0x0000000785200000)
  object space 21248K, 69% used [0x000000077ac00000,0x000000077ba61dc0,0x000000077c0c0000)
Event: 302.225 GC heap after
Heap after GC invocations=149 (full 0):
 PSYoungGen      total 10496K, used 3460K [0x00000007d70b0000, 0x00000007d7f20000, 0x0000000800000000)
  eden space 6976K, 0% used [0x00000007d70b0000,0x00000007d70b0000,0x00000007d7780000)
  from space 3520K, 98% used [0x00000007d7780000,0x00000007d7ae1390,0x00000007d7af0000)
  to   space 3904K, 0% used [0x00000007d7b50000,0x00000007d7b50000,0x00000007d7f20000)
 ParOldGen       total 83904K, used 60324K [0x0000000785200000, 0x000000078a3f0000, 0x00000007d70b0000)
  object space 83904K, 71% used [0x0000000785200000,0x0000000788ce9198,0x000000078a3f0000)
 PSPermGen       total 21248K, used 14727K [0x000000077ac00000, 0x000000077c0c0000, 0x0000000785200000)
  object space 21248K, 69% used [0x000000077ac00000,0x000000077ba61dc0,0x000000077c0c0000)
}
Event: 304.324 GC heap before
{Heap before GC invocations=150 (full 0):
 PSYoungGen      total 10496K, used 10436K [0x00000007d70b0000, 0x00000007d7f20000, 0x0000000800000000)
  eden space 6976K, 100% used [0x00000007d70b0000,0x00000007d7780000,0x00000007d7780000)
  from space 3520K, 98% used [0x00000007d7780000,0x00000007d7ae1390,0x00000007d7af0000)
  to   space 3904K, 0% used [0x00000007d7b50000,0x00000007d7b50000,0x00000007d7f20000)
 ParOldGen       total 83904K, used 60324K [0x0000000785200000, 0x000000078a3f0000, 0x00000007d70b0000)
  object space 83904K, 71% used [0x0000000785200000,0x0000000788ce9198,0x000000078a3f0000)
 PSPermGen       total 21248K, used 15608K [0x000000077ac00000, 0x000000077c0c0000, 0x0000000785200000)
  object space 21248K, 73% used [0x000000077ac00000,0x000000077bb3e0f8,0x000000077c0c0000)
Event: 304.338 GC heap after
Heap after GC invocations=150 (full 0):
 PSYoungGen      total 10880K, used 3446K [0x00000007d70b0000, 0x00000007d7f20000, 0x0000000800000000)
  eden space 6976K, 0% used [0x00000007d70b0000,0x00000007d70b0000,0x00000007d7780000)
  from space 3904K, 88% used [0x00000007d7b50000,0x00000007d7ead8f0,0x00000007d7f20000)
  to   space 3904K, 0% used [0x00000007d7780000,0x00000007d7780000,0x00000007d7b50000)
 ParOldGen       total 83904K, used 60372K [0x0000000785200000, 0x000000078a3f0000, 0x00000007d70b0000)
  object space 83904K, 71% used [0x0000000785200000,0x0000000788cf5198,0x000000078a3f0000)
 PSPermGen       total 21248K, used 15608K [0x000000077ac00000, 0x000000077c0c0000, 0x0000000785200000)
  object space 21248K, 73% used [0x000000077ac00000,0x000000077bb3e0f8,0x000000077c0c0000)
}

