# JRE version: 7.0_21-b02
# Java VM: OpenJDK 64-Bit Server VM (23.7-b01 mixed mode linux-amd64 compressed oops)
Heap
 PSYoungGen      total 15296K, used 12058K [0x00000007d70b0000, 0x00000007d85f0000, 0x0000000800000000)
  eden space 9216K, 82% used [0x00000007d70b0000,0x00000007d78166c8,0x00000007d79b0000)
  from space 6080K, 73% used [0x00000007d8000000,0x00000007d8460338,0x00000007d85f0000)
  to   space 6272K, 0% used [0x00000007d79b0000,0x00000007d79b0000,0x00000007d7fd0000)
 ParOldGen       total 83904K, used 55495K [0x0000000785200000, 0x000000078a3f0000, 0x00000007d70b0000)
  object space 83904K, 66% used [0x0000000785200000,0x0000000788831de0,0x000000078a3f0000)
 PSPermGen       total 21248K, used 12953K [0x000000077ac00000, 0x000000077c0c0000, 0x0000000785200000)
  object space 21248K, 60% used [0x000000077ac00000,0x000000077b8a6498,0x000000077c0c0000)
GC Heap History (10 events):
Event: 250.663 GC heap before
{Heap before GC invocations=88 (full 0):
 PSYoungGen      total 14272K, used 14266K [0x00000007d70b0000, 0x00000007d8720000, 0x0000000800000000)
  eden space 9536K, 100% used [0x00000007d70b0000,0x00000007d7a00000,0x00000007d7a00000)
  from space 4736K, 99% used [0x00000007d7a10000,0x00000007d7eae888,0x00000007d7eb0000)
  to   space 6720K, 0% used [0x00000007d8090000,0x00000007d8090000,0x00000007d8720000)
 ParOldGen       total 83904K, used 55128K [0x0000000785200000, 0x000000078a3f0000, 0x00000007d70b0000)
  object space 83904K, 65% used [0x0000000785200000,0x00000007887d6008,0x000000078a3f0000)
 PSPermGen       total 21248K, used 12847K [0x000000077ac00000, 0x000000077c0c0000, 0x0000000785200000)
  object space 21248K, 60% used [0x000000077ac00000,0x000000077b88bfe8,0x000000077c0c0000)
Event: 250.674 GC heap after
Heap after GC invocations=88 (full 0):
 PSYoungGen      total 15872K, used 4629K [0x00000007d70b0000, 0x00000007d86d0000, 0x0000000800000000)
  eden space 9472K, 0% used [0x00000007d70b0000,0x00000007d70b0000,0x00000007d79f0000)
  from space 6400K, 72% used [0x00000007d8090000,0x00000007d85156f8,0x00000007d86d0000)
  to   space 6592K, 0% used [0x00000007d79f0000,0x00000007d79f0000,0x00000007d8060000)
 ParOldGen       total 83904K, used 55192K [0x0000000785200000, 0x000000078a3f0000, 0x00000007d70b0000)
  object space 83904K, 65% used [0x0000000785200000,0x00000007887e6008,0x000000078a3f0000)
 PSPermGen       total 21248K, used 12847K [0x000000077ac00000, 0x000000077c0c0000, 0x0000000785200000)
  object space 21248K, 60% used [0x000000077ac00000,0x000000077b88bfe8,0x000000077c0c0000)
}
Event: 253.500 GC heap before
{Heap before GC invocations=89 (full 0):
 PSYoungGen      total 15872K, used 14096K [0x00000007d70b0000, 0x00000007d86d0000, 0x0000000800000000)
  eden space 9472K, 99% used [0x00000007d70b0000,0x00000007d79ee938,0x00000007d79f0000)
  from space 6400K, 72% used [0x00000007d8090000,0x00000007d85156f8,0x00000007d86d0000)
  to   space 6592K, 0% used [0x00000007d79f0000,0x00000007d79f0000,0x00000007d8060000)
 ParOldGen       total 83904K, used 55192K [0x0000000785200000, 0x000000078a3f0000, 0x00000007d70b0000)
  object space 83904K, 65% used [0x0000000785200000,0x00000007887e6008,0x000000078a3f0000)
 PSPermGen       total 21248K, used 12863K [0x000000077ac00000, 0x000000077c0c0000, 0x0000000785200000)
  object space 21248K, 60% used [0x000000077ac00000,0x000000077b88ffd0,0x000000077c0c0000)
Event: 253.507 GC heap after
Heap after GC invocations=89 (full 0):
 PSYoungGen      total 14016K, used 4556K [0x00000007d70b0000, 0x00000007d86a0000, 0x0000000800000000)
  eden space 9408K, 0% used [0x00000007d70b0000,0x00000007d70b0000,0x00000007d79e0000)
  from space 4608K, 98% used [0x00000007d79f0000,0x00000007d7e631a8,0x00000007d7e70000)
  to   space 6528K, 0% used [0x00000007d8040000,0x00000007d8040000,0x00000007d86a0000)
 ParOldGen       total 83904K, used 55248K [0x0000000785200000, 0x000000078a3f0000, 0x00000007d70b0000)
  object space 83904K, 65% used [0x0000000785200000,0x00000007887f4018,0x000000078a3f0000)
 PSPermGen       total 21248K, used 12863K [0x000000077ac00000, 0x000000077c0c0000, 0x0000000785200000)
  object space 21248K, 60% used [0x000000077ac00000,0x000000077b88ffd0,0x000000077c0c0000)
}
Event: 256.882 GC heap before
{Heap before GC invocations=90 (full 0):
 PSYoungGen      total 14016K, used 13964K [0x00000007d70b0000, 0x00000007d86a0000, 0x0000000800000000)
  eden space 9408K, 100% used [0x00000007d70b0000,0x00000007d79e0000,0x00000007d79e0000)
  from space 4608K, 98% used [0x00000007d79f0000,0x00000007d7e631a8,0x00000007d7e70000)
  to   space 6528K, 0% used [0x00000007d8040000,0x00000007d8040000,0x00000007d86a0000)
 ParOldGen       total 83904K, used 55248K [0x0000000785200000, 0x000000078a3f0000, 0x00000007d70b0000)
  object space 83904K, 65% used [0x0000000785200000,0x00000007887f4018,0x000000078a3f0000)
 PSPermGen       total 21248K, used 12882K [0x000000077ac00000, 0x000000077c0c0000, 0x0000000785200000)
  object space 21248K, 60% used [0x000000077ac00000,0x000000077b894ac8,0x000000077c0c0000)
Event: 256.889 GC heap after
Heap after GC invocations=90 (full 0):
 PSYoungGen      total 15680K, used 4498K [0x00000007d70b0000, 0x00000007d8670000, 0x0000000800000000)
  eden space 9344K, 0% used [0x00000007d70b0000,0x00000007d70b0000,0x00000007d79d0000)
  from space 6336K, 71% used [0x00000007d8040000,0x00000007d84a4bc0,0x00000007d8670000)
  to   space 6464K, 0% used [0x00000007d79d0000,0x00000007d79d0000,0x00000007d8020000)
 ParOldGen       total 83904K, used 55332K [0x0000000785200000, 0x000000078a3f0000, 0x00000007d70b0000)
  object space 83904K, 65% used [0x0000000785200000,0x00000007888090c0,0x000000078a3f0000)
 PSPermGen       total 21248K, used 12882K [0x000000077ac00000, 0x000000077c0c0000, 0x0000000785200000)
  object space 21248K, 60% used [0x000000077ac00000,0x000000077b894ac8,0x000000077c0c0000)
}
Event: 259.300 GC heap before
{Heap before GC invocations=91 (full 0):
 PSYoungGen      total 15680K, used 13842K [0x00000007d70b0000, 0x00000007d8670000, 0x0000000800000000)
  eden space 9344K, 100% used [0x00000007d70b0000,0x00000007d79d0000,0x00000007d79d0000)
  from space 6336K, 71% used [0x00000007d8040000,0x00000007d84a4bc0,0x00000007d8670000)
  to   space 6464K, 0% used [0x00000007d79d0000,0x00000007d79d0000,0x00000007d8020000)
 ParOldGen       total 83904K, used 55332K [0x0000000785200000, 0x000000078a3f0000, 0x00000007d70b0000)
  object space 83904K, 65% used [0x0000000785200000,0x00000007888090c0,0x000000078a3f0000)
 PSPermGen       total 21248K, used 12902K [0x000000077ac00000, 0x000000077c0c0000, 0x0000000785200000)
  object space 21248K, 60% used [0x000000077ac00000,0x000000077b899bf0,0x000000077c0c0000)
Event: 259.308 GC heap after
Heap after GC invocations=91 (full 0):
 PSYoungGen      total 13888K, used 4555K [0x00000007d70b0000, 0x00000007d8640000, 0x0000000800000000)
  eden space 9280K, 0% used [0x00000007d70b0000,0x00000007d70b0000,0x00000007d79c0000)
  from space 4608K, 98% used [0x00000007d79d0000,0x00000007d7e42f08,0x00000007d7e50000)
  to   space 6400K, 0% used [0x00000007d8000000,0x00000007d8000000,0x00000007d8640000)
 ParOldGen       total 83904K, used 55380K [0x0000000785200000, 0x000000078a3f0000, 0x00000007d70b0000)
  object space 83904K, 66% used [0x0000000785200000,0x00000007888150c0,0x000000078a3f0000)
 PSPermGen       total 21248K, used 12902K [0x000000077ac00000, 0x000000077c0c0000, 0x0000000785200000)
  object space 21248K, 60% used [0x000000077ac00000,0x000000077b899bf0,0x000000077c0c0000)
}
Event: 262.501 GC heap before
{Heap before GC invocations=92 (full 0):
 PSYoungGen      total 13888K, used 13835K [0x00000007d70b0000, 0x00000007d8640000, 0x0000000800000000)
  eden space 9280K, 100% used [0x00000007d70b0000,0x00000007d79c0000,0x00000007d79c0000)
  from space 4608K, 98% used [0x00000007d79d0000,0x00000007d7e42f08,0x00000007d7e50000)
  to   space 6400K, 0% used [0x00000007d8000000,0x00000007d8000000,0x00000007d8640000)
 ParOldGen       total 83904K, used 55380K [0x0000000785200000, 0x000000078a3f0000, 0x00000007d70b0000)
  object space 83904K, 66% used [0x0000000785200000,0x00000007888150c0,0x000000078a3f0000)
 PSPermGen       total 21248K, used 12924K [0x000000077ac00000, 0x000000077c0c0000, 0x0000000785200000)
  object space 21248K, 60% used [0x000000077ac00000,0x000000077b89f278,0x000000077c0c0000)
Event: 262.508 GC heap after
Heap after GC invocations=92 (full 0):
 PSYoungGen      total 15296K, used 4480K [0x00000007d70b0000, 0x00000007d85f0000, 0x0000000800000000)
  eden space 9216K, 0% used [0x00000007d70b0000,0x00000007d70b0000,0x00000007d79b0000)
  from space 6080K, 73% used [0x00000007d8000000,0x00000007d8460338,0x00000007d85f0000)
  to   space 6272K, 0% used [0x00000007d79b0000,0x00000007d79b0000,0x00000007d7fd0000)
 ParOldGen       total 83904K, used 55495K [0x0000000785200000, 0x000000078a3f0000, 0x00000007d70b0000)
  object space 83904K, 66% used [0x0000000785200000,0x0000000788831de0,0x000000078a3f0000)
 PSPermGen       total 21248K, used 12924K [0x000000077ac00000, 0x000000077c0c0000, 0x0000000785200000)
  object space 21248K, 60% used [0x000000077ac00000,0x000000077b89f278,0x000000077c0c0000)
}

