# JRE version: 7.0_21-b02
# Java VM: OpenJDK 64-Bit Server VM (23.7-b01 mixed mode linux-amd64 compressed oops)
Heap
 PSYoungGen      total 10432K, used 6937K [0x00000007d70b0000, 0x00000007d7e60000, 0x0000000800000000)
  eden space 6848K, 51% used [0x00000007d70b0000,0x00000007d742a080,0x00000007d7760000)
  from space 3584K, 94% used [0x00000007d7ae0000,0x00000007d7e2c4b8,0x00000007d7e60000)
  to   space 3584K, 0% used [0x00000007d7760000,0x00000007d7760000,0x00000007d7ae0000)
 ParOldGen       total 83904K, used 64817K [0x0000000785200000, 0x000000078a3f0000, 0x00000007d70b0000)
  object space 83904K, 77% used [0x0000000785200000,0x000000078914c5d8,0x000000078a3f0000)
 PSPermGen       total 21248K, used 18198K [0x000000077ac00000, 0x000000077c0c0000, 0x0000000785200000)
  object space 21248K, 85% used [0x000000077ac00000,0x000000077bdc5838,0x000000077c0c0000)
GC Heap History (10 events):
Event: 335.527 GC heap before
{Heap before GC invocations=210 (full 0):
 PSYoungGen      total 10432K, used 10282K [0x00000007d70b0000, 0x00000007d7e60000, 0x0000000800000000)
  eden space 6848K, 100% used [0x00000007d70b0000,0x00000007d7760000,0x00000007d7760000)
  from space 3584K, 95% used [0x00000007d7760000,0x00000007d7abaa90,0x00000007d7ae0000)
  to   space 3584K, 0% used [0x00000007d7ae0000,0x00000007d7ae0000,0x00000007d7e60000)
 ParOldGen       total 83904K, used 64556K [0x0000000785200000, 0x000000078a3f0000, 0x00000007d70b0000)
  object space 83904K, 76% used [0x0000000785200000,0x000000078910b090,0x000000078a3f0000)
 PSPermGen       total 21248K, used 18098K [0x000000077ac00000, 0x000000077c0c0000, 0x0000000785200000)
  object space 21248K, 85% used [0x000000077ac00000,0x000000077bdac8c0,0x000000077c0c0000)
Event: 335.532 GC heap after
Heap after GC invocations=210 (full 0):
 PSYoungGen      total 10432K, used 3430K [0x00000007d70b0000, 0x00000007d7e60000, 0x0000000800000000)
  eden space 6848K, 0% used [0x00000007d70b0000,0x00000007d70b0000,0x00000007d7760000)
  from space 3584K, 95% used [0x00000007d7ae0000,0x00000007d7e39ad0,0x00000007d7e60000)
  to   space 3584K, 0% used [0x00000007d7760000,0x00000007d7760000,0x00000007d7ae0000)
 ParOldGen       total 83904K, used 64596K [0x0000000785200000, 0x000000078a3f0000, 0x00000007d70b0000)
  object space 83904K, 76% used [0x0000000785200000,0x0000000789115090,0x000000078a3f0000)
 PSPermGen       total 21248K, used 18098K [0x000000077ac00000, 0x000000077c0c0000, 0x0000000785200000)
  object space 21248K, 85% used [0x000000077ac00000,0x000000077bdac8c0,0x000000077c0c0000)
}
Event: 337.689 GC heap before
{Heap before GC invocations=211 (full 0):
 PSYoungGen      total 10432K, used 10278K [0x00000007d70b0000, 0x00000007d7e60000, 0x0000000800000000)
  eden space 6848K, 100% used [0x00000007d70b0000,0x00000007d7760000,0x00000007d7760000)
  from space 3584K, 95% used [0x00000007d7ae0000,0x00000007d7e39ad0,0x00000007d7e60000)
  to   space 3584K, 0% used [0x00000007d7760000,0x00000007d7760000,0x00000007d7ae0000)
 ParOldGen       total 83904K, used 64596K [0x0000000785200000, 0x000000078a3f0000, 0x00000007d70b0000)
  object space 83904K, 76% used [0x0000000785200000,0x0000000789115090,0x000000078a3f0000)
 PSPermGen       total 21248K, used 18120K [0x000000077ac00000, 0x000000077c0c0000, 0x0000000785200000)
  object space 21248K, 85% used [0x000000077ac00000,0x000000077bdb2350,0x000000077c0c0000)
Event: 337.700 GC heap after
Heap after GC invocations=211 (full 0):
 PSYoungGen      total 10432K, used 3418K [0x00000007d70b0000, 0x00000007d7e60000, 0x0000000800000000)
  eden space 6848K, 0% used [0x00000007d70b0000,0x00000007d70b0000,0x00000007d7760000)
  from space 3584K, 95% used [0x00000007d7760000,0x00000007d7ab6a20,0x00000007d7ae0000)
  to   space 3584K, 0% used [0x00000007d7ae0000,0x00000007d7ae0000,0x00000007d7e60000)
 ParOldGen       total 83904K, used 64681K [0x0000000785200000, 0x000000078a3f0000, 0x00000007d70b0000)
  object space 83904K, 77% used [0x0000000785200000,0x000000078912a5c8,0x000000078a3f0000)
 PSPermGen       total 21248K, used 18120K [0x000000077ac00000, 0x000000077c0c0000, 0x0000000785200000)
  object space 21248K, 85% used [0x000000077ac00000,0x000000077bdb2350,0x000000077c0c0000)
}
Event: 339.444 GC heap before
{Heap before GC invocations=212 (full 0):
 PSYoungGen      total 10432K, used 10266K [0x00000007d70b0000, 0x00000007d7e60000, 0x0000000800000000)
  eden space 6848K, 100% used [0x00000007d70b0000,0x00000007d7760000,0x00000007d7760000)
  from space 3584K, 95% used [0x00000007d7760000,0x00000007d7ab6a20,0x00000007d7ae0000)
  to   space 3584K, 0% used [0x00000007d7ae0000,0x00000007d7ae0000,0x00000007d7e60000)
 ParOldGen       total 83904K, used 64681K [0x0000000785200000, 0x000000078a3f0000, 0x00000007d70b0000)
  object space 83904K, 77% used [0x0000000785200000,0x000000078912a5c8,0x000000078a3f0000)
 PSPermGen       total 21248K, used 18134K [0x000000077ac00000, 0x000000077c0c0000, 0x0000000785200000)
  object space 21248K, 85% used [0x000000077ac00000,0x000000077bdb58a0,0x000000077c0c0000)
Event: 339.452 GC heap after
Heap after GC invocations=212 (full 0):
 PSYoungGen      total 10432K, used 3379K [0x00000007d70b0000, 0x00000007d7e60000, 0x0000000800000000)
  eden space 6848K, 0% used [0x00000007d70b0000,0x00000007d70b0000,0x00000007d7760000)
  from space 3584K, 94% used [0x00000007d7ae0000,0x00000007d7e2ce50,0x00000007d7e60000)
  to   space 3584K, 0% used [0x00000007d7760000,0x00000007d7760000,0x00000007d7ae0000)
 ParOldGen       total 83904K, used 64729K [0x0000000785200000, 0x000000078a3f0000, 0x00000007d70b0000)
  object space 83904K, 77% used [0x0000000785200000,0x00000007891365d8,0x000000078a3f0000)
 PSPermGen       total 21248K, used 18134K [0x000000077ac00000, 0x000000077c0c0000, 0x0000000785200000)
  object space 21248K, 85% used [0x000000077ac00000,0x000000077bdb58a0,0x000000077c0c0000)
}
Event: 341.740 GC heap before
{Heap before GC invocations=213 (full 0):
 PSYoungGen      total 10432K, used 10227K [0x00000007d70b0000, 0x00000007d7e60000, 0x0000000800000000)
  eden space 6848K, 100% used [0x00000007d70b0000,0x00000007d7760000,0x00000007d7760000)
  from space 3584K, 94% used [0x00000007d7ae0000,0x00000007d7e2ce50,0x00000007d7e60000)
  to   space 3584K, 0% used [0x00000007d7760000,0x00000007d7760000,0x00000007d7ae0000)
 ParOldGen       total 83904K, used 64729K [0x0000000785200000, 0x000000078a3f0000, 0x00000007d70b0000)
  object space 83904K, 77% used [0x0000000785200000,0x00000007891365d8,0x000000078a3f0000)
 PSPermGen       total 21248K, used 18134K [0x000000077ac00000, 0x000000077c0c0000, 0x0000000785200000)
  object space 21248K, 85% used [0x000000077ac00000,0x000000077bdb58a0,0x000000077c0c0000)
Event: 341.750 GC heap after
Heap after GC invocations=213 (full 0):
 PSYoungGen      total 10432K, used 3415K [0x00000007d70b0000, 0x00000007d7e60000, 0x0000000800000000)
  eden space 6848K, 0% used [0x00000007d70b0000,0x00000007d70b0000,0x00000007d7760000)
  from space 3584K, 95% used [0x00000007d7760000,0x00000007d7ab5ec0,0x00000007d7ae0000)
  to   space 3584K, 0% used [0x00000007d7ae0000,0x00000007d7ae0000,0x00000007d7e60000)
 ParOldGen       total 83904K, used 64769K [0x0000000785200000, 0x000000078a3f0000, 0x00000007d70b0000)
  object space 83904K, 77% used [0x0000000785200000,0x00000007891405d8,0x000000078a3f0000)
 PSPermGen       total 21248K, used 18134K [0x000000077ac00000, 0x000000077c0c0000, 0x0000000785200000)
  object space 21248K, 85% used [0x000000077ac00000,0x000000077bdb58a0,0x000000077c0c0000)
}
Event: 343.771 GC heap before
{Heap before GC invocations=214 (full 0):
 PSYoungGen      total 10432K, used 10263K [0x00000007d70b0000, 0x00000007d7e60000, 0x0000000800000000)
  eden space 6848K, 100% used [0x00000007d70b0000,0x00000007d7760000,0x00000007d7760000)
  from space 3584K, 95% used [0x00000007d7760000,0x00000007d7ab5ec0,0x00000007d7ae0000)
  to   space 3584K, 0% used [0x00000007d7ae0000,0x00000007d7ae0000,0x00000007d7e60000)
 ParOldGen       total 83904K, used 64769K [0x0000000785200000, 0x000000078a3f0000, 0x00000007d70b0000)
  object space 83904K, 77% used [0x0000000785200000,0x00000007891405d8,0x000000078a3f0000)
 PSPermGen       total 21248K, used 18184K [0x000000077ac00000, 0x000000077c0c0000, 0x0000000785200000)
  object space 21248K, 85% used [0x000000077ac00000,0x000000077bdc2340,0x000000077c0c0000)
Event: 343.780 GC heap after
Heap after GC invocations=214 (full 0):
 PSYoungGen      total 10432K, used 3377K [0x00000007d70b0000, 0x00000007d7e60000, 0x0000000800000000)
  eden space 6848K, 0% used [0x00000007d70b0000,0x00000007d70b0000,0x00000007d7760000)
  from space 3584K, 94% used [0x00000007d7ae0000,0x00000007d7e2c4b8,0x00000007d7e60000)
  to   space 3584K, 0% used [0x00000007d7760000,0x00000007d7760000,0x00000007d7ae0000)
 ParOldGen       total 83904K, used 64817K [0x0000000785200000, 0x000000078a3f0000, 0x00000007d70b0000)
  object space 83904K, 77% used [0x0000000785200000,0x000000078914c5d8,0x000000078a3f0000)
 PSPermGen       total 21248K, used 18184K [0x000000077ac00000, 0x000000077c0c0000, 0x0000000785200000)
  object space 21248K, 85% used [0x000000077ac00000,0x000000077bdc2340,0x000000077c0c0000)
}

