# JRE version: 7.0_21-b02
# Java VM: OpenJDK 64-Bit Server VM (23.7-b01 mixed mode linux-amd64 compressed oops)
Heap
 PSYoungGen      total 12416K, used 5971K [0x00000007d70b0000, 0x00000007d81b0000, 0x0000000800000000)
  eden space 7552K, 30% used [0x00000007d70b0000,0x00000007d72f7358,0x00000007d7810000)
  from space 4864K, 74% used [0x00000007d7cf0000,0x00000007d807dc28,0x00000007d81b0000)
  to   space 4928K, 0% used [0x00000007d7810000,0x00000007d7810000,0x00000007d7ce0000)
 ParOldGen       total 83904K, used 57399K [0x0000000785200000, 0x000000078a3f0000, 0x00000007d70b0000)
  object space 83904K, 68% used [0x0000000785200000,0x0000000788a0dd88,0x000000078a3f0000)
 PSPermGen       total 21248K, used 13622K [0x000000077ac00000, 0x000000077c0c0000, 0x0000000785200000)
  object space 21248K, 64% used [0x000000077ac00000,0x000000077b94d998,0x000000077c0c0000)
GC Heap History (10 events):
Event: 276.159 GC heap before
{Heap before GC invocations=114 (full 0):
 PSYoungGen      total 11840K, used 11821K [0x00000007d70b0000, 0x00000007d8260000, 0x0000000800000000)
  eden space 7872K, 100% used [0x00000007d70b0000,0x00000007d7860000,0x00000007d7860000)
  from space 3968K, 99% used [0x00000007d7870000,0x00000007d7c4b700,0x00000007d7c50000)
  to   space 5120K, 0% used [0x00000007d7d60000,0x00000007d7d60000,0x00000007d8260000)
 ParOldGen       total 83904K, used 57076K [0x0000000785200000, 0x000000078a3f0000, 0x00000007d70b0000)
  object space 83904K, 68% used [0x0000000785200000,0x00000007889bd3d8,0x000000078a3f0000)
 PSPermGen       total 21248K, used 13581K [0x000000077ac00000, 0x000000077c0c0000, 0x0000000785200000)
  object space 21248K, 63% used [0x000000077ac00000,0x000000077b943640,0x000000077c0c0000)
Event: 276.170 GC heap after
Heap after GC invocations=114 (full 0):
 PSYoungGen      total 12736K, used 3831K [0x00000007d70b0000, 0x00000007d8230000, 0x0000000800000000)
  eden space 7808K, 0% used [0x00000007d70b0000,0x00000007d70b0000,0x00000007d7850000)
  from space 4928K, 77% used [0x00000007d7d60000,0x00000007d811dc30,0x00000007d8230000)
  to   space 5056K, 0% used [0x00000007d7850000,0x00000007d7850000,0x00000007d7d40000)
 ParOldGen       total 83904K, used 57148K [0x0000000785200000, 0x000000078a3f0000, 0x00000007d70b0000)
  object space 83904K, 68% used [0x0000000785200000,0x00000007889cf3d8,0x000000078a3f0000)
 PSPermGen       total 21248K, used 13581K [0x000000077ac00000, 0x000000077c0c0000, 0x0000000785200000)
  object space 21248K, 63% used [0x000000077ac00000,0x000000077b943640,0x000000077c0c0000)
}
Event: 278.285 GC heap before
{Heap before GC invocations=115 (full 0):
 PSYoungGen      total 12736K, used 11639K [0x00000007d70b0000, 0x00000007d8230000, 0x0000000800000000)
  eden space 7808K, 100% used [0x00000007d70b0000,0x00000007d7850000,0x00000007d7850000)
  from space 4928K, 77% used [0x00000007d7d60000,0x00000007d811dc30,0x00000007d8230000)
  to   space 5056K, 0% used [0x00000007d7850000,0x00000007d7850000,0x00000007d7d40000)
 ParOldGen       total 83904K, used 57148K [0x0000000785200000, 0x000000078a3f0000, 0x00000007d70b0000)
  object space 83904K, 68% used [0x0000000785200000,0x00000007889cf3d8,0x000000078a3f0000)
 PSPermGen       total 21248K, used 13581K [0x000000077ac00000, 0x000000077c0c0000, 0x0000000785200000)
  object space 21248K, 63% used [0x000000077ac00000,0x000000077b943640,0x000000077c0c0000)
Event: 278.293 GC heap after
Heap after GC invocations=115 (full 0):
 PSYoungGen      total 11584K, used 3782K [0x00000007d70b0000, 0x00000007d8220000, 0x0000000800000000)
  eden space 7744K, 0% used [0x00000007d70b0000,0x00000007d70b0000,0x00000007d7840000)
  from space 3840K, 98% used [0x00000007d7850000,0x00000007d7c01800,0x00000007d7c10000)
  to   space 5056K, 0% used [0x00000007d7d30000,0x00000007d7d30000,0x00000007d8220000)
 ParOldGen       total 83904K, used 57204K [0x0000000785200000, 0x000000078a3f0000, 0x00000007d70b0000)
  object space 83904K, 68% used [0x0000000785200000,0x00000007889dd3d8,0x000000078a3f0000)
 PSPermGen       total 21248K, used 13581K [0x000000077ac00000, 0x000000077c0c0000, 0x0000000785200000)
  object space 21248K, 63% used [0x000000077ac00000,0x000000077b943640,0x000000077c0c0000)
}
Event: 280.189 GC heap before
{Heap before GC invocations=116 (full 0):
 PSYoungGen      total 11584K, used 11526K [0x00000007d70b0000, 0x00000007d8220000, 0x0000000800000000)
  eden space 7744K, 100% used [0x00000007d70b0000,0x00000007d7840000,0x00000007d7840000)
  from space 3840K, 98% used [0x00000007d7850000,0x00000007d7c01800,0x00000007d7c10000)
  to   space 5056K, 0% used [0x00000007d7d30000,0x00000007d7d30000,0x00000007d8220000)
 ParOldGen       total 83904K, used 57204K [0x0000000785200000, 0x000000078a3f0000, 0x00000007d70b0000)
  object space 83904K, 68% used [0x0000000785200000,0x00000007889dd3d8,0x000000078a3f0000)
 PSPermGen       total 21248K, used 13585K [0x000000077ac00000, 0x000000077c0c0000, 0x0000000785200000)
  object space 21248K, 63% used [0x000000077ac00000,0x000000077b944620,0x000000077c0c0000)
Event: 280.196 GC heap after
Heap after GC invocations=116 (full 0):
 PSYoungGen      total 12544K, used 3787K [0x00000007d70b0000, 0x00000007d81f0000, 0x0000000800000000)
  eden space 7680K, 0% used [0x00000007d70b0000,0x00000007d70b0000,0x00000007d7830000)
  from space 4864K, 77% used [0x00000007d7d30000,0x00000007d80e2c10,0x00000007d81f0000)
  to   space 4992K, 0% used [0x00000007d7830000,0x00000007d7830000,0x00000007d7d10000)
 ParOldGen       total 83904K, used 57252K [0x0000000785200000, 0x000000078a3f0000, 0x00000007d70b0000)
  object space 83904K, 68% used [0x0000000785200000,0x00000007889e93e8,0x000000078a3f0000)
 PSPermGen       total 21248K, used 13585K [0x000000077ac00000, 0x000000077c0c0000, 0x0000000785200000)
  object space 21248K, 63% used [0x000000077ac00000,0x000000077b944620,0x000000077c0c0000)
}
Event: 281.961 GC heap before
{Heap before GC invocations=117 (full 0):
 PSYoungGen      total 12544K, used 11467K [0x00000007d70b0000, 0x00000007d81f0000, 0x0000000800000000)
  eden space 7680K, 100% used [0x00000007d70b0000,0x00000007d7830000,0x00000007d7830000)
  from space 4864K, 77% used [0x00000007d7d30000,0x00000007d80e2c10,0x00000007d81f0000)
  to   space 4992K, 0% used [0x00000007d7830000,0x00000007d7830000,0x00000007d7d10000)
 ParOldGen       total 83904K, used 57252K [0x0000000785200000, 0x000000078a3f0000, 0x00000007d70b0000)
  object space 83904K, 68% used [0x0000000785200000,0x00000007889e93e8,0x000000078a3f0000)
 PSPermGen       total 21248K, used 13620K [0x000000077ac00000, 0x000000077c0c0000, 0x0000000785200000)
  object space 21248K, 64% used [0x000000077ac00000,0x000000077b94d320,0x000000077c0c0000)
Event: 281.975 GC heap after
Heap after GC invocations=117 (full 0):
 PSYoungGen      total 11520K, used 3841K [0x00000007d70b0000, 0x00000007d81c0000, 0x0000000800000000)
  eden space 7616K, 0% used [0x00000007d70b0000,0x00000007d70b0000,0x00000007d7820000)
  from space 3904K, 98% used [0x00000007d7830000,0x00000007d7bf0590,0x00000007d7c00000)
  to   space 4928K, 0% used [0x00000007d7cf0000,0x00000007d7cf0000,0x00000007d81c0000)
 ParOldGen       total 83904K, used 57351K [0x0000000785200000, 0x000000078a3f0000, 0x00000007d70b0000)
  object space 83904K, 68% used [0x0000000785200000,0x0000000788a01d88,0x000000078a3f0000)
 PSPermGen       total 21248K, used 13620K [0x000000077ac00000, 0x000000077c0c0000, 0x0000000785200000)
  object space 21248K, 64% used [0x000000077ac00000,0x000000077b94d320,0x000000077c0c0000)
}
Event: 284.622 GC heap before
{Heap before GC invocations=118 (full 0):
 PSYoungGen      total 11520K, used 11457K [0x00000007d70b0000, 0x00000007d81c0000, 0x0000000800000000)
  eden space 7616K, 100% used [0x00000007d70b0000,0x00000007d7820000,0x00000007d7820000)
  from space 3904K, 98% used [0x00000007d7830000,0x00000007d7bf0590,0x00000007d7c00000)
  to   space 4928K, 0% used [0x00000007d7cf0000,0x00000007d7cf0000,0x00000007d81c0000)
 ParOldGen       total 83904K, used 57351K [0x0000000785200000, 0x000000078a3f0000, 0x00000007d70b0000)
  object space 83904K, 68% used [0x0000000785200000,0x0000000788a01d88,0x000000078a3f0000)
 PSPermGen       total 21248K, used 13620K [0x000000077ac00000, 0x000000077c0c0000, 0x0000000785200000)
  object space 21248K, 64% used [0x000000077ac00000,0x000000077b94d320,0x000000077c0c0000)
Event: 284.632 GC heap after
Heap after GC invocations=118 (full 0):
 PSYoungGen      total 12416K, used 3639K [0x00000007d70b0000, 0x00000007d81b0000, 0x0000000800000000)
  eden space 7552K, 0% used [0x00000007d70b0000,0x00000007d70b0000,0x00000007d7810000)
  from space 4864K, 74% used [0x00000007d7cf0000,0x00000007d807dc28,0x00000007d81b0000)
  to   space 4928K, 0% used [0x00000007d7810000,0x00000007d7810000,0x00000007d7ce0000)
 ParOldGen       total 83904K, used 57399K [0x0000000785200000, 0x000000078a3f0000, 0x00000007d70b0000)
  object space 83904K, 68% used [0x0000000785200000,0x0000000788a0dd88,0x000000078a3f0000)
 PSPermGen       total 21248K, used 13620K [0x000000077ac00000, 0x000000077c0c0000, 0x0000000785200000)
  object space 21248K, 64% used [0x000000077ac00000,0x000000077b94d320,0x000000077c0c0000)
}

