# JRE version: 7.0_21-b02
# Java VM: OpenJDK 64-Bit Server VM (23.7-b01 mixed mode linux-amd64 compressed oops)
Heap
 PSYoungGen      total 27456K, used 26923K [0x00000007d70b0000, 0x00000007da000000, 0x0000000800000000)
  eden space 18240K, 97% used [0x00000007d70b0000,0x00000007d8200e20,0x00000007d8280000)
  from space 9216K, 99% used [0x00000007d82d0000,0x00000007d8bca0c8,0x00000007d8bd0000)
  to   space 15104K, 0% used [0x00000007d9140000,0x00000007d9140000,0x00000007da000000)
 ParOldGen       total 83904K, used 49209K [0x0000000785200000, 0x000000078a3f0000, 0x00000007d70b0000)
  object space 83904K, 58% used [0x0000000785200000,0x000000078820e5f8,0x000000078a3f0000)
 PSPermGen       total 21248K, used 8909K [0x000000077ac00000, 0x000000077c0c0000, 0x0000000785200000)
  object space 21248K, 41% used [0x000000077ac00000,0x000000077b4b3458,0x000000077c0c0000)
GC Heap History (10 events):
Event: 139.936 GC heap before
{Heap before GC invocations=27 (full 0):
 PSYoungGen      total 35264K, used 29861K [0x00000007d70b0000, 0x00000007da320000, 0x0000000800000000)
  eden space 19904K, 100% used [0x00000007d70b0000,0x00000007d8420000,0x00000007d8420000)
  from space 15360K, 64% used [0x00000007d9420000,0x00000007d9dd9490,0x00000007da320000)
  to   space 15872K, 0% used [0x00000007d8420000,0x00000007d8420000,0x00000007d93a0000)
 ParOldGen       total 83904K, used 48673K [0x0000000785200000, 0x000000078a3f0000, 0x00000007d70b0000)
  object space 83904K, 58% used [0x0000000785200000,0x00000007881885c8,0x000000078a3f0000)
 PSPermGen       total 21248K, used 8766K [0x000000077ac00000, 0x000000077c0c0000, 0x0000000785200000)
  object space 21248K, 41% used [0x000000077ac00000,0x000000077b48f910,0x000000077c0c0000)
Event: 139.946 GC heap after
Heap after GC invocations=27 (full 0):
 PSYoungGen      total 29312K, used 9765K [0x00000007d70b0000, 0x00000007da280000, 0x0000000800000000)
  eden space 19520K, 0% used [0x00000007d70b0000,0x00000007d70b0000,0x00000007d83c0000)
  from space 9792K, 99% used [0x00000007d8420000,0x00000007d8da9428,0x00000007d8db0000)
  to   space 15744K, 0% used [0x00000007d9320000,0x00000007d9320000,0x00000007da280000)
 ParOldGen       total 83904K, used 48769K [0x0000000785200000, 0x000000078a3f0000, 0x00000007d70b0000)
  object space 83904K, 58% used [0x0000000785200000,0x00000007881a05c8,0x000000078a3f0000)
 PSPermGen       total 21248K, used 8766K [0x000000077ac00000, 0x000000077c0c0000, 0x0000000785200000)
  object space 21248K, 41% used [0x000000077ac00000,0x000000077b48f910,0x000000077c0c0000)
}
Event: 144.898 GC heap before
{Heap before GC invocations=28 (full 0):
 PSYoungGen      total 29312K, used 29285K [0x00000007d70b0000, 0x00000007da280000, 0x0000000800000000)
  eden space 19520K, 100% used [0x00000007d70b0000,0x00000007d83c0000,0x00000007d83c0000)
  from space 9792K, 99% used [0x00000007d8420000,0x00000007d8da9428,0x00000007d8db0000)
  to   space 15744K, 0% used [0x00000007d9320000,0x00000007d9320000,0x00000007da280000)
 ParOldGen       total 83904K, used 48769K [0x0000000785200000, 0x000000078a3f0000, 0x00000007d70b0000)
  object space 83904K, 58% used [0x0000000785200000,0x00000007881a05c8,0x000000078a3f0000)
 PSPermGen       total 21248K, used 8797K [0x000000077ac00000, 0x000000077c0c0000, 0x0000000785200000)
  object space 21248K, 41% used [0x000000077ac00000,0x000000077b4974e8,0x000000077c0c0000)
Event: 144.905 GC heap after
Heap after GC invocations=28 (full 0):
 PSYoungGen      total 34240K, used 9700K [0x00000007d70b0000, 0x00000007da1d0000, 0x0000000800000000)
  eden space 19200K, 0% used [0x00000007d70b0000,0x00000007d70b0000,0x00000007d8370000)
  from space 15040K, 64% used [0x00000007d9320000,0x00000007d9c993e0,0x00000007da1d0000)
  to   space 15552K, 0% used [0x00000007d8370000,0x00000007d8370000,0x00000007d92a0000)
 ParOldGen       total 83904K, used 48881K [0x0000000785200000, 0x000000078a3f0000, 0x00000007d70b0000)
  object space 83904K, 58% used [0x0000000785200000,0x00000007881bc5d8,0x000000078a3f0000)
 PSPermGen       total 21248K, used 8797K [0x000000077ac00000, 0x000000077c0c0000, 0x0000000785200000)
  object space 21248K, 41% used [0x000000077ac00000,0x000000077b4974e8,0x000000077c0c0000)
}
Event: 150.845 GC heap before
{Heap before GC invocations=29 (full 0):
 PSYoungGen      total 34240K, used 28900K [0x00000007d70b0000, 0x00000007da1d0000, 0x0000000800000000)
  eden space 19200K, 100% used [0x00000007d70b0000,0x00000007d8370000,0x00000007d8370000)
  from space 15040K, 64% used [0x00000007d9320000,0x00000007d9c993e0,0x00000007da1d0000)
  to   space 15552K, 0% used [0x00000007d8370000,0x00000007d8370000,0x00000007d92a0000)
 ParOldGen       total 83904K, used 48881K [0x0000000785200000, 0x000000078a3f0000, 0x00000007d70b0000)
  object space 83904K, 58% used [0x0000000785200000,0x00000007881bc5d8,0x000000078a3f0000)
 PSPermGen       total 21248K, used 8822K [0x000000077ac00000, 0x000000077c0c0000, 0x0000000785200000)
  object space 21248K, 41% used [0x000000077ac00000,0x000000077b49d8b8,0x000000077c0c0000)
Event: 150.864 GC heap after
Heap after GC invocations=29 (full 0):
 PSYoungGen      total 28352K, used 9421K [0x00000007d70b0000, 0x00000007da140000, 0x0000000800000000)
  eden space 18880K, 0% used [0x00000007d70b0000,0x00000007d70b0000,0x00000007d8320000)
  from space 9472K, 99% used [0x00000007d8370000,0x00000007d8ca3480,0x00000007d8cb0000)
  to   space 15424K, 0% used [0x00000007d9230000,0x00000007d9230000,0x00000007da140000)
 ParOldGen       total 83904K, used 48985K [0x0000000785200000, 0x000000078a3f0000, 0x00000007d70b0000)
  object space 83904K, 58% used [0x0000000785200000,0x00000007881d65e8,0x000000078a3f0000)
 PSPermGen       total 21248K, used 8822K [0x000000077ac00000, 0x000000077c0c0000, 0x0000000785200000)
  object space 21248K, 41% used [0x000000077ac00000,0x000000077b49d8b8,0x000000077c0c0000)
}
Event: 155.897 GC heap before
{Heap before GC invocations=30 (full 0):
 PSYoungGen      total 28352K, used 28301K [0x00000007d70b0000, 0x00000007da140000, 0x0000000800000000)
  eden space 18880K, 100% used [0x00000007d70b0000,0x00000007d8320000,0x00000007d8320000)
  from space 9472K, 99% used [0x00000007d8370000,0x00000007d8ca3480,0x00000007d8cb0000)
  to   space 15424K, 0% used [0x00000007d9230000,0x00000007d9230000,0x00000007da140000)
 ParOldGen       total 83904K, used 48985K [0x0000000785200000, 0x000000078a3f0000, 0x00000007d70b0000)
  object space 83904K, 58% used [0x0000000785200000,0x00000007881d65e8,0x000000078a3f0000)
 PSPermGen       total 21248K, used 8855K [0x000000077ac00000, 0x000000077c0c0000, 0x0000000785200000)
  object space 21248K, 41% used [0x000000077ac00000,0x000000077b4a5fa0,0x000000077c0c0000)
Event: 155.904 GC heap after
Heap after GC invocations=30 (full 0):
 PSYoungGen      total 33280K, used 9350K [0x00000007d70b0000, 0x00000007da090000, 0x0000000800000000)
  eden space 18560K, 0% used [0x00000007d70b0000,0x00000007d70b0000,0x00000007d82d0000)
  from space 14720K, 63% used [0x00000007d9230000,0x00000007d9b51a68,0x00000007da090000)
  to   space 15232K, 0% used [0x00000007d82d0000,0x00000007d82d0000,0x00000007d91b0000)
 ParOldGen       total 83904K, used 49089K [0x0000000785200000, 0x000000078a3f0000, 0x00000007d70b0000)
  object space 83904K, 58% used [0x0000000785200000,0x00000007881f05e8,0x000000078a3f0000)
 PSPermGen       total 21248K, used 8855K [0x000000077ac00000, 0x000000077c0c0000, 0x0000000785200000)
  object space 21248K, 41% used [0x000000077ac00000,0x000000077b4a5fa0,0x000000077c0c0000)
}
Event: 160.544 GC heap before
{Heap before GC invocations=31 (full 0):
 PSYoungGen      total 33280K, used 27910K [0x00000007d70b0000, 0x00000007da090000, 0x0000000800000000)
  eden space 18560K, 100% used [0x00000007d70b0000,0x00000007d82d0000,0x00000007d82d0000)
  from space 14720K, 63% used [0x00000007d9230000,0x00000007d9b51a68,0x00000007da090000)
  to   space 15232K, 0% used [0x00000007d82d0000,0x00000007d82d0000,0x00000007d91b0000)
 ParOldGen       total 83904K, used 49089K [0x0000000785200000, 0x000000078a3f0000, 0x00000007d70b0000)
  object space 83904K, 58% used [0x0000000785200000,0x00000007881f05e8,0x000000078a3f0000)
 PSPermGen       total 21248K, used 8885K [0x000000077ac00000, 0x000000077c0c0000, 0x0000000785200000)
  object space 21248K, 41% used [0x000000077ac00000,0x000000077b4ad650,0x000000077c0c0000)
Event: 160.562 GC heap after
Heap after GC invocations=31 (full 0):
 PSYoungGen      total 27456K, used 9192K [0x00000007d70b0000, 0x00000007da000000, 0x0000000800000000)
  eden space 18240K, 0% used [0x00000007d70b0000,0x00000007d70b0000,0x00000007d8280000)
  from space 9216K, 99% used [0x00000007d82d0000,0x00000007d8bca0c8,0x00000007d8bd0000)
  to   space 15104K, 0% used [0x00000007d9140000,0x00000007d9140000,0x00000007da000000)
 ParOldGen       total 83904K, used 49209K [0x0000000785200000, 0x000000078a3f0000, 0x00000007d70b0000)
  object space 83904K, 58% used [0x0000000785200000,0x000000078820e5f8,0x000000078a3f0000)
 PSPermGen       total 21248K, used 8885K [0x000000077ac00000, 0x000000077c0c0000, 0x0000000785200000)
  object space 21248K, 41% used [0x000000077ac00000,0x000000077b4ad650,0x000000077c0c0000)
}

