# JRE version: 7.0_21-b02
# Java VM: OpenJDK 64-Bit Server VM (23.7-b01 mixed mode linux-amd64 compressed oops)
Heap
 PSYoungGen      total 29824K, used 24034K [0x00000007d70b0000, 0x00000007d9be0000, 0x0000000800000000)
  eden space 16320K, 96% used [0x00000007d70b0000,0x00000007d801ff18,0x00000007d80a0000)
  from space 13504K, 60% used [0x00000007d8eb0000,0x00000007d96b8b30,0x00000007d9be0000)
  to   space 13952K, 0% used [0x00000007d80a0000,0x00000007d80a0000,0x00000007d8e40000)
 ParOldGen       total 83904K, used 50162K [0x0000000785200000, 0x000000078a3f0000, 0x00000007d70b0000)
  object space 83904K, 59% used [0x0000000785200000,0x00000007882fca28,0x000000078a3f0000)
 PSPermGen       total 21248K, used 9199K [0x000000077ac00000, 0x000000077c0c0000, 0x0000000785200000)
  object space 21248K, 43% used [0x000000077ac00000,0x000000077b4fbce0,0x000000077c0c0000)
GC Heap History (10 events):
Event: 163.223 GC heap before
{Heap before GC invocations=34 (full 0):
 PSYoungGen      total 26432K, used 26415K [0x00000007d70b0000, 0x00000007d9ec0000, 0x0000000800000000)
  eden space 17600K, 100% used [0x00000007d70b0000,0x00000007d81e0000,0x00000007d81e0000)
  from space 8832K, 99% used [0x00000007d8230000,0x00000007d8acbe40,0x00000007d8ad0000)
  to   space 14784K, 0% used [0x00000007d9050000,0x00000007d9050000,0x00000007d9ec0000)
 ParOldGen       total 83904K, used 49638K [0x0000000785200000, 0x000000078a3f0000, 0x00000007d70b0000)
  object space 83904K, 59% used [0x0000000785200000,0x0000000788279a10,0x000000078a3f0000)
 PSPermGen       total 21248K, used 8943K [0x000000077ac00000, 0x000000077c0c0000, 0x0000000785200000)
  object space 21248K, 42% used [0x000000077ac00000,0x000000077b4bbdd0,0x000000077c0c0000)
Event: 163.232 GC heap after
Heap after GC invocations=34 (full 0):
 PSYoungGen      total 31488K, used 8660K [0x00000007d70b0000, 0x00000007d9e20000, 0x0000000800000000)
  eden space 17344K, 0% used [0x00000007d70b0000,0x00000007d70b0000,0x00000007d81a0000)
  from space 14144K, 61% used [0x00000007d9050000,0x00000007d98c53b8,0x00000007d9e20000)
  to   space 14592K, 0% used [0x00000007d81a0000,0x00000007d81a0000,0x00000007d8fe0000)
 ParOldGen       total 83904K, used 49726K [0x0000000785200000, 0x000000078a3f0000, 0x00000007d70b0000)
  object space 83904K, 59% used [0x0000000785200000,0x000000078828fa10,0x000000078a3f0000)
 PSPermGen       total 21248K, used 8943K [0x000000077ac00000, 0x000000077c0c0000, 0x0000000785200000)
  object space 21248K, 42% used [0x000000077ac00000,0x000000077b4bbdd0,0x000000077c0c0000)
}
Event: 168.355 GC heap before
{Heap before GC invocations=35 (full 0):
 PSYoungGen      total 31488K, used 26004K [0x00000007d70b0000, 0x00000007d9e20000, 0x0000000800000000)
  eden space 17344K, 100% used [0x00000007d70b0000,0x00000007d81a0000,0x00000007d81a0000)
  from space 14144K, 61% used [0x00000007d9050000,0x00000007d98c53b8,0x00000007d9e20000)
  to   space 14592K, 0% used [0x00000007d81a0000,0x00000007d81a0000,0x00000007d8fe0000)
 ParOldGen       total 83904K, used 49726K [0x0000000785200000, 0x000000078a3f0000, 0x00000007d70b0000)
  object space 83904K, 59% used [0x0000000785200000,0x000000078828fa10,0x000000078a3f0000)
 PSPermGen       total 21248K, used 8970K [0x000000077ac00000, 0x000000077c0c0000, 0x0000000785200000)
  object space 21248K, 42% used [0x000000077ac00000,0x000000077b4c2950,0x000000077c0c0000)
Event: 168.362 GC heap after
Heap after GC invocations=35 (full 0):
 PSYoungGen      total 25664K, used 8526K [0x00000007d70b0000, 0x00000007d9da0000, 0x0000000800000000)
  eden space 17088K, 0% used [0x00000007d70b0000,0x00000007d70b0000,0x00000007d8160000)
  from space 8576K, 99% used [0x00000007d81a0000,0x00000007d89f3ac8,0x00000007d8a00000)
  to   space 14464K, 0% used [0x00000007d8f80000,0x00000007d8f80000,0x00000007d9da0000)
 ParOldGen       total 83904K, used 49874K [0x0000000785200000, 0x000000078a3f0000, 0x00000007d70b0000)
  object space 83904K, 59% used [0x0000000785200000,0x00000007882b4a18,0x000000078a3f0000)
 PSPermGen       total 21248K, used 8970K [0x000000077ac00000, 0x000000077c0c0000, 0x0000000785200000)
  object space 21248K, 42% used [0x000000077ac00000,0x000000077b4c2950,0x000000077c0c0000)
}
Event: 173.100 GC heap before
{Heap before GC invocations=36 (full 0):
 PSYoungGen      total 25664K, used 25614K [0x00000007d70b0000, 0x00000007d9da0000, 0x0000000800000000)
  eden space 17088K, 100% used [0x00000007d70b0000,0x00000007d8160000,0x00000007d8160000)
  from space 8576K, 99% used [0x00000007d81a0000,0x00000007d89f3ac8,0x00000007d8a00000)
  to   space 14464K, 0% used [0x00000007d8f80000,0x00000007d8f80000,0x00000007d9da0000)
 ParOldGen       total 83904K, used 49874K [0x0000000785200000, 0x000000078a3f0000, 0x00000007d70b0000)
  object space 83904K, 59% used [0x0000000785200000,0x00000007882b4a18,0x000000078a3f0000)
 PSPermGen       total 21248K, used 8995K [0x000000077ac00000, 0x000000077c0c0000, 0x0000000785200000)
  object space 21248K, 42% used [0x000000077ac00000,0x000000077b4c8c10,0x000000077c0c0000)
Event: 173.109 GC heap after
Heap after GC invocations=36 (full 0):
 PSYoungGen      total 30656K, used 8472K [0x00000007d70b0000, 0x00000007d9d00000, 0x0000000800000000)
  eden space 16832K, 0% used [0x00000007d70b0000,0x00000007d70b0000,0x00000007d8120000)
  from space 13824K, 61% used [0x00000007d8f80000,0x00000007d97c61a8,0x00000007d9d00000)
  to   space 14272K, 0% used [0x00000007d8120000,0x00000007d8120000,0x00000007d8f10000)
 ParOldGen       total 83904K, used 49962K [0x0000000785200000, 0x000000078a3f0000, 0x00000007d70b0000)
  object space 83904K, 59% used [0x0000000785200000,0x00000007882caa18,0x000000078a3f0000)
 PSPermGen       total 21248K, used 8995K [0x000000077ac00000, 0x000000077c0c0000, 0x0000000785200000)
  object space 21248K, 42% used [0x000000077ac00000,0x000000077b4c8c10,0x000000077c0c0000)
}
Event: 176.349 GC heap before
{Heap before GC invocations=37 (full 0):
 PSYoungGen      total 30656K, used 25304K [0x00000007d70b0000, 0x00000007d9d00000, 0x0000000800000000)
  eden space 16832K, 100% used [0x00000007d70b0000,0x00000007d8120000,0x00000007d8120000)
  from space 13824K, 61% used [0x00000007d8f80000,0x00000007d97c61a8,0x00000007d9d00000)
  to   space 14272K, 0% used [0x00000007d8120000,0x00000007d8120000,0x00000007d8f10000)
 ParOldGen       total 83904K, used 49962K [0x0000000785200000, 0x000000078a3f0000, 0x00000007d70b0000)
  object space 83904K, 59% used [0x0000000785200000,0x00000007882caa18,0x000000078a3f0000)
 PSPermGen       total 21248K, used 9055K [0x000000077ac00000, 0x000000077c0c0000, 0x0000000785200000)
  object space 21248K, 42% used [0x000000077ac00000,0x000000077b4d7d70,0x000000077c0c0000)
Event: 176.356 GC heap after
Heap after GC invocations=37 (full 0):
 PSYoungGen      total 24704K, used 8064K [0x00000007d70b0000, 0x00000007d9c80000, 0x0000000800000000)
  eden space 16576K, 0% used [0x00000007d70b0000,0x00000007d70b0000,0x00000007d80e0000)
  from space 8128K, 99% used [0x00000007d8120000,0x00000007d89003b8,0x00000007d8910000)
  to   space 14144K, 0% used [0x00000007d8eb0000,0x00000007d8eb0000,0x00000007d9c80000)
 ParOldGen       total 83904K, used 50058K [0x0000000785200000, 0x000000078a3f0000, 0x00000007d70b0000)
  object space 83904K, 59% used [0x0000000785200000,0x00000007882e2a28,0x000000078a3f0000)
 PSPermGen       total 21248K, used 9055K [0x000000077ac00000, 0x000000077c0c0000, 0x0000000785200000)
  object space 21248K, 42% used [0x000000077ac00000,0x000000077b4d7d70,0x000000077c0c0000)
}
Event: 180.960 GC heap before
{Heap before GC invocations=38 (full 0):
 PSYoungGen      total 24704K, used 24640K [0x00000007d70b0000, 0x00000007d9c80000, 0x0000000800000000)
  eden space 16576K, 100% used [0x00000007d70b0000,0x00000007d80e0000,0x00000007d80e0000)
  from space 8128K, 99% used [0x00000007d8120000,0x00000007d89003b8,0x00000007d8910000)
  to   space 14144K, 0% used [0x00000007d8eb0000,0x00000007d8eb0000,0x00000007d9c80000)
 ParOldGen       total 83904K, used 50058K [0x0000000785200000, 0x000000078a3f0000, 0x00000007d70b0000)
  object space 83904K, 59% used [0x0000000785200000,0x00000007882e2a28,0x000000078a3f0000)
 PSPermGen       total 21248K, used 9087K [0x000000077ac00000, 0x000000077c0c0000, 0x0000000785200000)
  object space 21248K, 42% used [0x000000077ac00000,0x000000077b4dfc80,0x000000077c0c0000)
Event: 180.970 GC heap after
Heap after GC invocations=38 (full 0):
 PSYoungGen      total 29824K, used 8226K [0x00000007d70b0000, 0x00000007d9be0000, 0x0000000800000000)
  eden space 16320K, 0% used [0x00000007d70b0000,0x00000007d70b0000,0x00000007d80a0000)
  from space 13504K, 60% used [0x00000007d8eb0000,0x00000007d96b8b30,0x00000007d9be0000)
  to   space 13952K, 0% used [0x00000007d80a0000,0x00000007d80a0000,0x00000007d8e40000)
 ParOldGen       total 83904K, used 50162K [0x0000000785200000, 0x000000078a3f0000, 0x00000007d70b0000)
  object space 83904K, 59% used [0x0000000785200000,0x00000007882fca28,0x000000078a3f0000)
 PSPermGen       total 21248K, used 9087K [0x000000077ac00000, 0x000000077c0c0000, 0x0000000785200000)
  object space 21248K, 42% used [0x000000077ac00000,0x000000077b4dfc80,0x000000077c0c0000)
}

