# JRE version: 7.0_21-b02
# Java VM: OpenJDK 64-Bit Server VM (23.7-b01 mixed mode linux-amd64 compressed oops)
Heap
 PSYoungGen      total 35200K, used 19517K [0x00000007d70b0000, 0x00000007da300000, 0x0000000800000000)
  eden space 19904K, 47% used [0x00000007d70b0000,0x00000007d79e2ff0,0x00000007d8420000)
  from space 15296K, 66% used [0x00000007d9410000,0x00000007d9dec598,0x00000007da300000)
  to   space 15808K, 0% used [0x00000007d8420000,0x00000007d8420000,0x00000007d9390000)
 ParOldGen       total 83904K, used 48693K [0x0000000785200000, 0x000000078a3f0000, 0x00000007d70b0000)
  object space 83904K, 58% used [0x0000000785200000,0x000000078818d7d8,0x000000078a3f0000)
 PSPermGen       total 21248K, used 8755K [0x000000077ac00000, 0x000000077c0c0000, 0x0000000785200000)
  object space 21248K, 41% used [0x000000077ac00000,0x000000077b48ce28,0x000000077c0c0000)
GC Heap History (10 events):
Event: 119.317 GC heap before
{Heap before GC invocations=22 (full 0):
 PSYoungGen      total 32576K, used 32554K [0x00000007d70b0000, 0x00000007da620000, 0x0000000800000000)
  eden space 21824K, 100% used [0x00000007d70b0000,0x00000007d8600000,0x00000007d8600000)
  from space 10752K, 99% used [0x00000007d8670000,0x00000007d90ea930,0x00000007d90f0000)
  to   space 16448K, 0% used [0x00000007d9610000,0x00000007d9610000,0x00000007da620000)
 ParOldGen       total 83904K, used 48048K [0x0000000785200000, 0x000000078a3f0000, 0x00000007d70b0000)
  object space 83904K, 57% used [0x0000000785200000,0x00000007880ec2f0,0x000000078a3f0000)
 PSPermGen       total 21248K, used 8623K [0x000000077ac00000, 0x000000077c0c0000, 0x0000000785200000)
  object space 21248K, 40% used [0x000000077ac00000,0x000000077b46bfd0,0x000000077c0c0000)
Event: 119.328 GC heap after
Heap after GC invocations=22 (full 0):
 PSYoungGen      total 37248K, used 10582K [0x00000007d70b0000, 0x00000007da580000, 0x0000000800000000)
  eden space 21440K, 0% used [0x00000007d70b0000,0x00000007d70b0000,0x00000007d85a0000)
  from space 15808K, 66% used [0x00000007d9610000,0x00000007da065be8,0x00000007da580000)
  to   space 16320K, 0% used [0x00000007d85a0000,0x00000007d85a0000,0x00000007d9590000)
 ParOldGen       total 83904K, used 48221K [0x0000000785200000, 0x000000078a3f0000, 0x00000007d70b0000)
  object space 83904K, 57% used [0x0000000785200000,0x00000007881177c8,0x000000078a3f0000)
 PSPermGen       total 21248K, used 8623K [0x000000077ac00000, 0x000000077c0c0000, 0x0000000785200000)
  object space 21248K, 40% used [0x000000077ac00000,0x000000077b46bfd0,0x000000077c0c0000)
}
Event: 124.650 GC heap before
{Heap before GC invocations=23 (full 0):
 PSYoungGen      total 37248K, used 32022K [0x00000007d70b0000, 0x00000007da580000, 0x0000000800000000)
  eden space 21440K, 100% used [0x00000007d70b0000,0x00000007d85a0000,0x00000007d85a0000)
  from space 15808K, 66% used [0x00000007d9610000,0x00000007da065be8,0x00000007da580000)
  to   space 16320K, 0% used [0x00000007d85a0000,0x00000007d85a0000,0x00000007d9590000)
 ParOldGen       total 83904K, used 48221K [0x0000000785200000, 0x000000078a3f0000, 0x00000007d70b0000)
  object space 83904K, 57% used [0x0000000785200000,0x00000007881177c8,0x000000078a3f0000)
 PSPermGen       total 21248K, used 8636K [0x000000077ac00000, 0x000000077c0c0000, 0x0000000785200000)
  object space 21248K, 40% used [0x000000077ac00000,0x000000077b46f1a8,0x000000077c0c0000)
Event: 124.661 GC heap after
Heap after GC invocations=23 (full 0):
 PSYoungGen      total 31616K, used 10519K [0x00000007d70b0000, 0x00000007da4e0000, 0x0000000800000000)
  eden space 21056K, 0% used [0x00000007d70b0000,0x00000007d70b0000,0x00000007d8540000)
  from space 10560K, 99% used [0x00000007d85a0000,0x00000007d8fe5e88,0x00000007d8ff0000)
  to   space 16192K, 0% used [0x00000007d9510000,0x00000007d9510000,0x00000007da4e0000)
 ParOldGen       total 83904K, used 48325K [0x0000000785200000, 0x000000078a3f0000, 0x00000007d70b0000)
  object space 83904K, 57% used [0x0000000785200000,0x00000007881317c8,0x000000078a3f0000)
 PSPermGen       total 21248K, used 8636K [0x000000077ac00000, 0x000000077c0c0000, 0x0000000785200000)
  object space 21248K, 40% used [0x000000077ac00000,0x000000077b46f1a8,0x000000077c0c0000)
}
Event: 130.198 GC heap before
{Heap before GC invocations=24 (full 0):
 PSYoungGen      total 31616K, used 31575K [0x00000007d70b0000, 0x00000007da4e0000, 0x0000000800000000)
  eden space 21056K, 100% used [0x00000007d70b0000,0x00000007d8540000,0x00000007d8540000)
  from space 10560K, 99% used [0x00000007d85a0000,0x00000007d8fe5e88,0x00000007d8ff0000)
  to   space 16192K, 0% used [0x00000007d9510000,0x00000007d9510000,0x00000007da4e0000)
 ParOldGen       total 83904K, used 48325K [0x0000000785200000, 0x000000078a3f0000, 0x00000007d70b0000)
  object space 83904K, 57% used [0x0000000785200000,0x00000007881317c8,0x000000078a3f0000)
 PSPermGen       total 21248K, used 8659K [0x000000077ac00000, 0x000000077c0c0000, 0x0000000785200000)
  object space 21248K, 40% used [0x000000077ac00000,0x000000077b474fe8,0x000000077c0c0000)
Event: 130.212 GC heap after
Heap after GC invocations=24 (full 0):
 PSYoungGen      total 36224K, used 10483K [0x00000007d70b0000, 0x00000007da440000, 0x0000000800000000)
  eden space 20672K, 0% used [0x00000007d70b0000,0x00000007d70b0000,0x00000007d84e0000)
  from space 15552K, 67% used [0x00000007d9510000,0x00000007d9f4cf18,0x00000007da440000)
  to   space 16064K, 0% used [0x00000007d84e0000,0x00000007d84e0000,0x00000007d9490000)
 ParOldGen       total 83904K, used 48469K [0x0000000785200000, 0x000000078a3f0000, 0x00000007d70b0000)
  object space 83904K, 57% used [0x0000000785200000,0x00000007881557c8,0x000000078a3f0000)
 PSPermGen       total 21248K, used 8659K [0x000000077ac00000, 0x000000077c0c0000, 0x0000000785200000)
  object space 21248K, 40% used [0x000000077ac00000,0x000000077b474fe8,0x000000077c0c0000)
}
Event: 135.531 GC heap before
{Heap before GC invocations=25 (full 0):
 PSYoungGen      total 36224K, used 31155K [0x00000007d70b0000, 0x00000007da440000, 0x0000000800000000)
  eden space 20672K, 100% used [0x00000007d70b0000,0x00000007d84e0000,0x00000007d84e0000)
  from space 15552K, 67% used [0x00000007d9510000,0x00000007d9f4cf18,0x00000007da440000)
  to   space 16064K, 0% used [0x00000007d84e0000,0x00000007d84e0000,0x00000007d9490000)
 ParOldGen       total 83904K, used 48469K [0x0000000785200000, 0x000000078a3f0000, 0x00000007d70b0000)
  object space 83904K, 57% used [0x0000000785200000,0x00000007881557c8,0x000000078a3f0000)
 PSPermGen       total 21248K, used 8710K [0x000000077ac00000, 0x000000077c0c0000, 0x0000000785200000)
  object space 21248K, 40% used [0x000000077ac00000,0x000000077b481b28,0x000000077c0c0000)
Event: 135.547 GC heap after
Heap after GC invocations=25 (full 0):
 PSYoungGen      total 30464K, used 10114K [0x00000007d70b0000, 0x00000007da3a0000, 0x0000000800000000)
  eden space 20288K, 0% used [0x00000007d70b0000,0x00000007d70b0000,0x00000007d8480000)
  from space 10176K, 99% used [0x00000007d84e0000,0x00000007d8ec09a8,0x00000007d8ed0000)
  to   space 15936K, 0% used [0x00000007d9410000,0x00000007d9410000,0x00000007da3a0000)
 ParOldGen       total 83904K, used 48573K [0x0000000785200000, 0x000000078a3f0000, 0x00000007d70b0000)
  object space 83904K, 57% used [0x0000000785200000,0x000000078816f7c8,0x000000078a3f0000)
 PSPermGen       total 21248K, used 8710K [0x000000077ac00000, 0x000000077c0c0000, 0x0000000785200000)
  object space 21248K, 40% used [0x000000077ac00000,0x000000077b481b28,0x000000077c0c0000)
}
Event: 142.285 GC heap before
{Heap before GC invocations=26 (full 0):
 PSYoungGen      total 30464K, used 30402K [0x00000007d70b0000, 0x00000007da3a0000, 0x0000000800000000)
  eden space 20288K, 100% used [0x00000007d70b0000,0x00000007d8480000,0x00000007d8480000)
  from space 10176K, 99% used [0x00000007d84e0000,0x00000007d8ec09a8,0x00000007d8ed0000)
  to   space 15936K, 0% used [0x00000007d9410000,0x00000007d9410000,0x00000007da3a0000)
 ParOldGen       total 83904K, used 48573K [0x0000000785200000, 0x000000078a3f0000, 0x00000007d70b0000)
  object space 83904K, 57% used [0x0000000785200000,0x000000078816f7c8,0x000000078a3f0000)
 PSPermGen       total 21248K, used 8735K [0x000000077ac00000, 0x000000077c0c0000, 0x0000000785200000)
  object space 21248K, 41% used [0x000000077ac00000,0x000000077b487e60,0x000000077c0c0000)
Event: 142.298 GC heap after
Heap after GC invocations=26 (full 0):
 PSYoungGen      total 35200K, used 10097K [0x00000007d70b0000, 0x00000007da300000, 0x0000000800000000)
  eden space 19904K, 0% used [0x00000007d70b0000,0x00000007d70b0000,0x00000007d8420000)
  from space 15296K, 66% used [0x00000007d9410000,0x00000007d9dec598,0x00000007da300000)
  to   space 15808K, 0% used [0x00000007d8420000,0x00000007d8420000,0x00000007d9390000)
 ParOldGen       total 83904K, used 48693K [0x0000000785200000, 0x000000078a3f0000, 0x00000007d70b0000)
  object space 83904K, 58% used [0x0000000785200000,0x000000078818d7d8,0x000000078a3f0000)
 PSPermGen       total 21248K, used 8735K [0x000000077ac00000, 0x000000077c0c0000, 0x0000000785200000)
  object space 21248K, 41% used [0x000000077ac00000,0x000000077b487e60,0x000000077c0c0000)
}

