# JRE version: 7.0_21-b02
# Java VM: OpenJDK 64-Bit Server VM (23.7-b01 mixed mode linux-amd64 compressed oops)
Heap
 PSYoungGen      total 17408K, used 8223K [0x00000007d70b0000, 0x00000007d8930000, 0x0000000800000000)
  eden space 10112K, 32% used [0x00000007d70b0000,0x00000007d73de738,0x00000007d7a90000)
  from space 7296K, 68% used [0x00000007d8210000,0x00000007d86e9700,0x00000007d8930000)
  to   space 7488K, 0% used [0x00000007d7a90000,0x00000007d7a90000,0x00000007d81e0000)
 ParOldGen       total 83904K, used 54644K [0x0000000785200000, 0x000000078a3f0000, 0x00000007d70b0000)
  object space 83904K, 65% used [0x0000000785200000,0x000000078875d360,0x000000078a3f0000)
 PSPermGen       total 21248K, used 12565K [0x000000077ac00000, 0x000000077c0c0000, 0x0000000785200000)
  object space 21248K, 59% used [0x000000077ac00000,0x000000077b8455e8,0x000000077c0c0000)
GC Heap History (10 events):
Event: 232.793 GC heap before
{Heap before GC invocations=74 (full 0):
 PSYoungGen      total 15936K, used 15886K [0x00000007d70b0000, 0x00000007d8aa0000, 0x0000000800000000)
  eden space 10560K, 99% used [0x00000007d70b0000,0x00000007d7afe4b8,0x00000007d7b00000)
  from space 5376K, 99% used [0x00000007d7b20000,0x00000007d80555d0,0x00000007d8060000)
  to   space 8000K, 0% used [0x00000007d82d0000,0x00000007d82d0000,0x00000007d8aa0000)
 ParOldGen       total 83904K, used 54269K [0x0000000785200000, 0x000000078a3f0000, 0x00000007d70b0000)
  object space 83904K, 64% used [0x0000000785200000,0x00000007886ff748,0x000000078a3f0000)
 PSPermGen       total 21248K, used 12454K [0x000000077ac00000, 0x000000077c0c0000, 0x0000000785200000)
  object space 21248K, 58% used [0x000000077ac00000,0x000000077b829940,0x000000077c0c0000)
Event: 232.802 GC heap after
Heap after GC invocations=74 (full 0):
 PSYoungGen      total 18048K, used 5305K [0x00000007d70b0000, 0x00000007d8a40000, 0x0000000800000000)
  eden space 10432K, 0% used [0x00000007d70b0000,0x00000007d70b0000,0x00000007d7ae0000)
  from space 7616K, 69% used [0x00000007d82d0000,0x00000007d87fe590,0x00000007d8a40000)
  to   space 7872K, 0% used [0x00000007d7ae0000,0x00000007d7ae0000,0x00000007d8290000)
 ParOldGen       total 83904K, used 54325K [0x0000000785200000, 0x000000078a3f0000, 0x00000007d70b0000)
  object space 83904K, 64% used [0x0000000785200000,0x000000078870d748,0x000000078a3f0000)
 PSPermGen       total 21248K, used 12454K [0x000000077ac00000, 0x000000077c0c0000, 0x0000000785200000)
  object space 21248K, 58% used [0x000000077ac00000,0x000000077b829940,0x000000077c0c0000)
}
Event: 235.714 GC heap before
{Heap before GC invocations=75 (full 0):
 PSYoungGen      total 18048K, used 15737K [0x00000007d70b0000, 0x00000007d8a40000, 0x0000000800000000)
  eden space 10432K, 100% used [0x00000007d70b0000,0x00000007d7ae0000,0x00000007d7ae0000)
  from space 7616K, 69% used [0x00000007d82d0000,0x00000007d87fe590,0x00000007d8a40000)
  to   space 7872K, 0% used [0x00000007d7ae0000,0x00000007d7ae0000,0x00000007d8290000)
 ParOldGen       total 83904K, used 54325K [0x0000000785200000, 0x000000078a3f0000, 0x00000007d70b0000)
  object space 83904K, 64% used [0x0000000785200000,0x000000078870d748,0x000000078a3f0000)
 PSPermGen       total 21248K, used 12489K [0x000000077ac00000, 0x000000077c0c0000, 0x0000000785200000)
  object space 21248K, 58% used [0x000000077ac00000,0x000000077b8325e8,0x000000077c0c0000)
Event: 235.720 GC heap after
Heap after GC invocations=75 (full 0):
 PSYoungGen      total 15616K, used 5302K [0x00000007d70b0000, 0x00000007d89e0000, 0x0000000800000000)
  eden space 10304K, 0% used [0x00000007d70b0000,0x00000007d70b0000,0x00000007d7ac0000)
  from space 5312K, 99% used [0x00000007d7ae0000,0x00000007d800d838,0x00000007d8010000)
  to   space 7744K, 0% used [0x00000007d8250000,0x00000007d8250000,0x00000007d89e0000)
 ParOldGen       total 83904K, used 54409K [0x0000000785200000, 0x000000078a3f0000, 0x00000007d70b0000)
  object space 83904K, 64% used [0x0000000785200000,0x0000000788722640,0x000000078a3f0000)
 PSPermGen       total 21248K, used 12489K [0x000000077ac00000, 0x000000077c0c0000, 0x0000000785200000)
  object space 21248K, 58% used [0x000000077ac00000,0x000000077b8325e8,0x000000077c0c0000)
}
Event: 238.845 GC heap before
{Heap before GC invocations=76 (full 0):
 PSYoungGen      total 15616K, used 15606K [0x00000007d70b0000, 0x00000007d89e0000, 0x0000000800000000)
  eden space 10304K, 100% used [0x00000007d70b0000,0x00000007d7ac0000,0x00000007d7ac0000)
  from space 5312K, 99% used [0x00000007d7ae0000,0x00000007d800d838,0x00000007d8010000)
  to   space 7744K, 0% used [0x00000007d8250000,0x00000007d8250000,0x00000007d89e0000)
 ParOldGen       total 83904K, used 54409K [0x0000000785200000, 0x000000078a3f0000, 0x00000007d70b0000)
  object space 83904K, 64% used [0x0000000785200000,0x0000000788722640,0x000000078a3f0000)
 PSPermGen       total 21248K, used 12510K [0x000000077ac00000, 0x000000077c0c0000, 0x0000000785200000)
  object space 21248K, 58% used [0x000000077ac00000,0x000000077b837af8,0x000000077c0c0000)
Event: 238.855 GC heap after
Heap after GC invocations=76 (full 0):
 PSYoungGen      total 17792K, used 5186K [0x00000007d70b0000, 0x00000007d89b0000, 0x0000000800000000)
  eden space 10240K, 0% used [0x00000007d70b0000,0x00000007d70b0000,0x00000007d7ab0000)
  from space 7552K, 68% used [0x00000007d8250000,0x00000007d8760a48,0x00000007d89b0000)
  to   space 7680K, 0% used [0x00000007d7ab0000,0x00000007d7ab0000,0x00000007d8230000)
 ParOldGen       total 83904K, used 54465K [0x0000000785200000, 0x000000078a3f0000, 0x00000007d70b0000)
  object space 83904K, 64% used [0x0000000785200000,0x0000000788730640,0x000000078a3f0000)
 PSPermGen       total 21248K, used 12510K [0x000000077ac00000, 0x000000077c0c0000, 0x0000000785200000)
  object space 21248K, 58% used [0x000000077ac00000,0x000000077b837af8,0x000000077c0c0000)
}
Event: 241.250 GC heap before
{Heap before GC invocations=77 (full 0):
 PSYoungGen      total 17792K, used 15426K [0x00000007d70b0000, 0x00000007d89b0000, 0x0000000800000000)
  eden space 10240K, 100% used [0x00000007d70b0000,0x00000007d7ab0000,0x00000007d7ab0000)
  from space 7552K, 68% used [0x00000007d8250000,0x00000007d8760a48,0x00000007d89b0000)
  to   space 7680K, 0% used [0x00000007d7ab0000,0x00000007d7ab0000,0x00000007d8230000)
 ParOldGen       total 83904K, used 54465K [0x0000000785200000, 0x000000078a3f0000, 0x00000007d70b0000)
  object space 83904K, 64% used [0x0000000785200000,0x0000000788730640,0x000000078a3f0000)
 PSPermGen       total 21248K, used 12551K [0x000000077ac00000, 0x000000077c0c0000, 0x0000000785200000)
  object space 21248K, 59% used [0x000000077ac00000,0x000000077b841fc8,0x000000077c0c0000)
Event: 241.259 GC heap after
Heap after GC invocations=77 (full 0):
 PSYoungGen      total 15232K, used 5052K [0x00000007d70b0000, 0x00000007d8980000, 0x0000000800000000)
  eden space 10176K, 0% used [0x00000007d70b0000,0x00000007d70b0000,0x00000007d7aa0000)
  from space 5056K, 99% used [0x00000007d7ab0000,0x00000007d7f9f248,0x00000007d7fa0000)
  to   space 7616K, 0% used [0x00000007d8210000,0x00000007d8210000,0x00000007d8980000)
 ParOldGen       total 83904K, used 54521K [0x0000000785200000, 0x000000078a3f0000, 0x00000007d70b0000)
  object space 83904K, 64% used [0x0000000785200000,0x000000078873e640,0x000000078a3f0000)
 PSPermGen       total 21248K, used 12551K [0x000000077ac00000, 0x000000077c0c0000, 0x0000000785200000)
  object space 21248K, 59% used [0x000000077ac00000,0x000000077b841fc8,0x000000077c0c0000)
}
Event: 244.194 GC heap before
{Heap before GC invocations=78 (full 0):
 PSYoungGen      total 15232K, used 15228K [0x00000007d70b0000, 0x00000007d8980000, 0x0000000800000000)
  eden space 10176K, 100% used [0x00000007d70b0000,0x00000007d7aa0000,0x00000007d7aa0000)
  from space 5056K, 99% used [0x00000007d7ab0000,0x00000007d7f9f248,0x00000007d7fa0000)
  to   space 7616K, 0% used [0x00000007d8210000,0x00000007d8210000,0x00000007d8980000)
 ParOldGen       total 83904K, used 54521K [0x0000000785200000, 0x000000078a3f0000, 0x00000007d70b0000)
  object space 83904K, 64% used [0x0000000785200000,0x000000078873e640,0x000000078a3f0000)
 PSPermGen       total 21248K, used 12561K [0x000000077ac00000, 0x000000077c0c0000, 0x0000000785200000)
  object space 21248K, 59% used [0x000000077ac00000,0x000000077b844460,0x000000077c0c0000)
Event: 244.207 GC heap after
Heap after GC invocations=78 (full 0):
 PSYoungGen      total 17408K, used 4965K [0x00000007d70b0000, 0x00000007d8930000, 0x0000000800000000)
  eden space 10112K, 0% used [0x00000007d70b0000,0x00000007d70b0000,0x00000007d7a90000)
  from space 7296K, 68% used [0x00000007d8210000,0x00000007d86e9700,0x00000007d8930000)
  to   space 7488K, 0% used [0x00000007d7a90000,0x00000007d7a90000,0x00000007d81e0000)
 ParOldGen       total 83904K, used 54644K [0x0000000785200000, 0x000000078a3f0000, 0x00000007d70b0000)
  object space 83904K, 65% used [0x0000000785200000,0x000000078875d360,0x000000078a3f0000)
 PSPermGen       total 21248K, used 12561K [0x000000077ac00000, 0x000000077c0c0000, 0x0000000785200000)
  object space 21248K, 59% used [0x000000077ac00000,0x000000077b844460,0x000000077c0c0000)
}

