# JRE version: 7.0_21-b02
# Java VM: OpenJDK 64-Bit Server VM (23.7-b01 mixed mode linux-amd64 compressed oops)
Heap
 PSYoungGen      total 10496K, used 9073K [0x00000007d70b0000, 0x00000007d7e70000, 0x0000000800000000)
  eden space 6912K, 80% used [0x00000007d70b0000,0x00000007d761bf28,0x00000007d7770000)
  from space 3584K, 98% used [0x00000007d7770000,0x00000007d7ae0500,0x00000007d7af0000)
  to   space 3584K, 0% used [0x00000007d7af0000,0x00000007d7af0000,0x00000007d7e70000)
 ParOldGen       total 83904K, used 62101K [0x0000000785200000, 0x000000078a3f0000, 0x00000007d70b0000)
  object space 83904K, 74% used [0x0000000785200000,0x0000000788ea55c0,0x000000078a3f0000)
 PSPermGen       total 21248K, used 17113K [0x000000077ac00000, 0x000000077c0c0000, 0x0000000785200000)
  object space 21248K, 80% used [0x000000077ac00000,0x000000077bcb65e0,0x000000077c0c0000)
GC Heap History (10 events):
Event: 315.351 GC heap before
{Heap before GC invocations=177 (full 0):
 PSYoungGen      total 10496K, used 10368K [0x00000007d70b0000, 0x00000007d7e70000, 0x0000000800000000)
  eden space 6912K, 99% used [0x00000007d70b0000,0x00000007d7769610,0x00000007d7770000)
  from space 3584K, 97% used [0x00000007d7af0000,0x00000007d7e56a20,0x00000007d7e70000)
  to   space 3584K, 0% used [0x00000007d7770000,0x00000007d7770000,0x00000007d7af0000)
 ParOldGen       total 83904K, used 61687K [0x0000000785200000, 0x000000078a3f0000, 0x00000007d70b0000)
  object space 83904K, 73% used [0x0000000785200000,0x0000000788e3df60,0x000000078a3f0000)
 PSPermGen       total 21248K, used 16927K [0x000000077ac00000, 0x000000077c0c0000, 0x0000000785200000)
  object space 21248K, 79% used [0x000000077ac00000,0x000000077bc87f00,0x000000077c0c0000)
Event: 315.363 GC heap after
Heap after GC invocations=177 (full 0):
 PSYoungGen      total 10496K, used 3553K [0x00000007d70b0000, 0x00000007d7e70000, 0x0000000800000000)
  eden space 6912K, 0% used [0x00000007d70b0000,0x00000007d70b0000,0x00000007d7770000)
  from space 3584K, 99% used [0x00000007d7770000,0x00000007d7ae8428,0x00000007d7af0000)
  to   space 3584K, 0% used [0x00000007d7af0000,0x00000007d7af0000,0x00000007d7e70000)
 ParOldGen       total 83904K, used 61751K [0x0000000785200000, 0x000000078a3f0000, 0x00000007d70b0000)
  object space 83904K, 73% used [0x0000000785200000,0x0000000788e4df70,0x000000078a3f0000)
 PSPermGen       total 21248K, used 16927K [0x000000077ac00000, 0x000000077c0c0000, 0x0000000785200000)
  object space 21248K, 79% used [0x000000077ac00000,0x000000077bc87f00,0x000000077c0c0000)
}
Event: 317.434 GC heap before
{Heap before GC invocations=178 (full 0):
 PSYoungGen      total 10496K, used 10465K [0x00000007d70b0000, 0x00000007d7e70000, 0x0000000800000000)
  eden space 6912K, 100% used [0x00000007d70b0000,0x00000007d7770000,0x00000007d7770000)
  from space 3584K, 99% used [0x00000007d7770000,0x00000007d7ae8428,0x00000007d7af0000)
  to   space 3584K, 0% used [0x00000007d7af0000,0x00000007d7af0000,0x00000007d7e70000)
 ParOldGen       total 83904K, used 61751K [0x0000000785200000, 0x000000078a3f0000, 0x00000007d70b0000)
  object space 83904K, 73% used [0x0000000785200000,0x0000000788e4df70,0x000000078a3f0000)
 PSPermGen       total 21248K, used 16943K [0x000000077ac00000, 0x000000077c0c0000, 0x0000000785200000)
  object space 21248K, 79% used [0x000000077ac00000,0x000000077bc8be50,0x000000077c0c0000)
Event: 317.455 GC heap after
Heap after GC invocations=178 (full 0):
 PSYoungGen      total 10496K, used 3486K [0x00000007d70b0000, 0x00000007d7e70000, 0x0000000800000000)
  eden space 6912K, 0% used [0x00000007d70b0000,0x00000007d70b0000,0x00000007d7770000)
  from space 3584K, 97% used [0x00000007d7af0000,0x00000007d7e57988,0x00000007d7e70000)
  to   space 3584K, 0% used [0x00000007d7770000,0x00000007d7770000,0x00000007d7af0000)
 ParOldGen       total 83904K, used 61807K [0x0000000785200000, 0x000000078a3f0000, 0x00000007d70b0000)
  object space 83904K, 73% used [0x0000000785200000,0x0000000788e5bf70,0x000000078a3f0000)
 PSPermGen       total 21248K, used 16943K [0x000000077ac00000, 0x000000077c0c0000, 0x0000000785200000)
  object space 21248K, 79% used [0x000000077ac00000,0x000000077bc8be50,0x000000077c0c0000)
}
Event: 319.720 GC heap before
{Heap before GC invocations=179 (full 0):
 PSYoungGen      total 10496K, used 10398K [0x00000007d70b0000, 0x00000007d7e70000, 0x0000000800000000)
  eden space 6912K, 100% used [0x00000007d70b0000,0x00000007d7770000,0x00000007d7770000)
  from space 3584K, 97% used [0x00000007d7af0000,0x00000007d7e57988,0x00000007d7e70000)
  to   space 3584K, 0% used [0x00000007d7770000,0x00000007d7770000,0x00000007d7af0000)
 ParOldGen       total 83904K, used 61807K [0x0000000785200000, 0x000000078a3f0000, 0x00000007d70b0000)
  object space 83904K, 73% used [0x0000000785200000,0x0000000788e5bf70,0x000000078a3f0000)
 PSPermGen       total 21248K, used 16972K [0x000000077ac00000, 0x000000077c0c0000, 0x0000000785200000)
  object space 21248K, 79% used [0x000000077ac00000,0x000000077bc93210,0x000000077c0c0000)
Event: 319.730 GC heap after
Heap after GC invocations=179 (full 0):
 PSYoungGen      total 10496K, used 3494K [0x00000007d70b0000, 0x00000007d7e70000, 0x0000000800000000)
  eden space 6912K, 0% used [0x00000007d70b0000,0x00000007d70b0000,0x00000007d7770000)
  from space 3584K, 97% used [0x00000007d7770000,0x00000007d7ad9988,0x00000007d7af0000)
  to   space 3584K, 0% used [0x00000007d7af0000,0x00000007d7af0000,0x00000007d7e70000)
 ParOldGen       total 83904K, used 61930K [0x0000000785200000, 0x000000078a3f0000, 0x00000007d70b0000)
  object space 83904K, 73% used [0x0000000785200000,0x0000000788e7aa90,0x000000078a3f0000)
 PSPermGen       total 21248K, used 16972K [0x000000077ac00000, 0x000000077c0c0000, 0x0000000785200000)
  object space 21248K, 79% used [0x000000077ac00000,0x000000077bc93210,0x000000077c0c0000)
}
Event: 321.391 GC heap before
{Heap before GC invocations=180 (full 0):
 PSYoungGen      total 10496K, used 10406K [0x00000007d70b0000, 0x00000007d7e70000, 0x0000000800000000)
  eden space 6912K, 100% used [0x00000007d70b0000,0x00000007d7770000,0x00000007d7770000)
  from space 3584K, 97% used [0x00000007d7770000,0x00000007d7ad9988,0x00000007d7af0000)
  to   space 3584K, 0% used [0x00000007d7af0000,0x00000007d7af0000,0x00000007d7e70000)
 ParOldGen       total 83904K, used 61930K [0x0000000785200000, 0x000000078a3f0000, 0x00000007d70b0000)
  object space 83904K, 73% used [0x0000000785200000,0x0000000788e7aa90,0x000000078a3f0000)
 PSPermGen       total 21248K, used 17011K [0x000000077ac00000, 0x000000077c0c0000, 0x0000000785200000)
  object space 21248K, 80% used [0x000000077ac00000,0x000000077bc9cc00,0x000000077c0c0000)
Event: 321.396 GC heap after
Heap after GC invocations=180 (full 0):
 PSYoungGen      total 10496K, used 3489K [0x00000007d70b0000, 0x00000007d7e70000, 0x0000000800000000)
  eden space 6912K, 0% used [0x00000007d70b0000,0x00000007d70b0000,0x00000007d7770000)
  from space 3584K, 97% used [0x00000007d7af0000,0x00000007d7e58428,0x00000007d7e70000)
  to   space 3584K, 0% used [0x00000007d7770000,0x00000007d7770000,0x00000007d7af0000)
 ParOldGen       total 83904K, used 62053K [0x0000000785200000, 0x000000078a3f0000, 0x00000007d70b0000)
  object space 83904K, 73% used [0x0000000785200000,0x0000000788e995c0,0x000000078a3f0000)
 PSPermGen       total 21248K, used 17011K [0x000000077ac00000, 0x000000077c0c0000, 0x0000000785200000)
  object space 21248K, 80% used [0x000000077ac00000,0x000000077bc9cc00,0x000000077c0c0000)
}
Event: 323.363 GC heap before
{Heap before GC invocations=181 (full 0):
 PSYoungGen      total 10496K, used 10401K [0x00000007d70b0000, 0x00000007d7e70000, 0x0000000800000000)
  eden space 6912K, 100% used [0x00000007d70b0000,0x00000007d7770000,0x00000007d7770000)
  from space 3584K, 97% used [0x00000007d7af0000,0x00000007d7e58428,0x00000007d7e70000)
  to   space 3584K, 0% used [0x00000007d7770000,0x00000007d7770000,0x00000007d7af0000)
 ParOldGen       total 83904K, used 62053K [0x0000000785200000, 0x000000078a3f0000, 0x00000007d70b0000)
  object space 83904K, 73% used [0x0000000785200000,0x0000000788e995c0,0x000000078a3f0000)
 PSPermGen       total 21248K, used 17091K [0x000000077ac00000, 0x000000077c0c0000, 0x0000000785200000)
  object space 21248K, 80% used [0x000000077ac00000,0x000000077bcb0e98,0x000000077c0c0000)
Event: 323.371 GC heap after
Heap after GC invocations=181 (full 0):
 PSYoungGen      total 10496K, used 3521K [0x00000007d70b0000, 0x00000007d7e70000, 0x0000000800000000)
  eden space 6912K, 0% used [0x00000007d70b0000,0x00000007d70b0000,0x00000007d7770000)
  from space 3584K, 98% used [0x00000007d7770000,0x00000007d7ae0500,0x00000007d7af0000)
  to   space 3584K, 0% used [0x00000007d7af0000,0x00000007d7af0000,0x00000007d7e70000)
 ParOldGen       total 83904K, used 62101K [0x0000000785200000, 0x000000078a3f0000, 0x00000007d70b0000)
  object space 83904K, 74% used [0x0000000785200000,0x0000000788ea55c0,0x000000078a3f0000)
 PSPermGen       total 21248K, used 17091K [0x000000077ac00000, 0x000000077c0c0000, 0x0000000785200000)
  object space 21248K, 80% used [0x000000077ac00000,0x000000077bcb0e98,0x000000077c0c0000)
}

