# JRE version: 7.0_21-b02
# Java VM: OpenJDK 64-Bit Server VM (23.7-b01 mixed mode linux-amd64 compressed oops)
Heap
 PSYoungGen      total 21312K, used 16810K [0x00000007d70b0000, 0x00000007d8f40000, 0x0000000800000000)
  eden space 11968K, 90% used [0x00000007d70b0000,0x00000007d7b50fd0,0x00000007d7c60000)
  from space 9344K, 63% used [0x00000007d8620000,0x00000007d8be9b78,0x00000007d8f40000)
  to   space 9664K, 0% used [0x00000007d7c60000,0x00000007d7c60000,0x00000007d85d0000)
 ParOldGen       total 83904K, used 52924K [0x0000000785200000, 0x000000078a3f0000, 0x00000007d70b0000)
  object space 83904K, 63% used [0x0000000785200000,0x00000007885af2f8,0x000000078a3f0000)
 PSPermGen       total 21248K, used 11806K [0x000000077ac00000, 0x000000077c0c0000, 0x0000000785200000)
  object space 21248K, 55% used [0x000000077ac00000,0x000000077b787b10,0x000000077c0c0000)
GC Heap History (10 events):
Event: 208.702 GC heap before
{Heap before GC invocations=58 (full 0):
 PSYoungGen      total 18688K, used 18635K [0x00000007d70b0000, 0x00000007d9160000, 0x0000000800000000)
  eden space 12608K, 100% used [0x00000007d70b0000,0x00000007d7d00000,0x00000007d7d00000)
  from space 6080K, 99% used [0x00000007d7d20000,0x00000007d8302ec0,0x00000007d8310000)
  to   space 10432K, 0% used [0x00000007d8730000,0x00000007d8730000,0x00000007d9160000)
 ParOldGen       total 83904K, used 52460K [0x0000000785200000, 0x000000078a3f0000, 0x00000007d70b0000)
  object space 83904K, 62% used [0x0000000785200000,0x000000078853b060,0x000000078a3f0000)
 PSPermGen       total 21248K, used 11146K [0x000000077ac00000, 0x000000077c0c0000, 0x0000000785200000)
  object space 21248K, 52% used [0x000000077ac00000,0x000000077b6e2b28,0x000000077c0c0000)
Event: 208.708 GC heap after
Heap after GC invocations=58 (full 0):
 PSYoungGen      total 22528K, used 6010K [0x00000007d70b0000, 0x00000007d9100000, 0x0000000800000000)
  eden space 12480K, 0% used [0x00000007d70b0000,0x00000007d70b0000,0x00000007d7ce0000)
  from space 10048K, 59% used [0x00000007d8730000,0x00000007d8d0e940,0x00000007d9100000)
  to   space 10304K, 0% used [0x00000007d7ce0000,0x00000007d7ce0000,0x00000007d86f0000)
 ParOldGen       total 83904K, used 52548K [0x0000000785200000, 0x000000078a3f0000, 0x00000007d70b0000)
  object space 83904K, 62% used [0x0000000785200000,0x0000000788551070,0x000000078a3f0000)
 PSPermGen       total 21248K, used 11146K [0x000000077ac00000, 0x000000077c0c0000, 0x0000000785200000)
  object space 21248K, 52% used [0x000000077ac00000,0x000000077b6e2b28,0x000000077c0c0000)
}
Event: 211.539 GC heap before
{Heap before GC invocations=59 (full 0):
 PSYoungGen      total 22528K, used 18490K [0x00000007d70b0000, 0x00000007d9100000, 0x0000000800000000)
  eden space 12480K, 100% used [0x00000007d70b0000,0x00000007d7ce0000,0x00000007d7ce0000)
  from space 10048K, 59% used [0x00000007d8730000,0x00000007d8d0e940,0x00000007d9100000)
  to   space 10304K, 0% used [0x00000007d7ce0000,0x00000007d7ce0000,0x00000007d86f0000)
 ParOldGen       total 83904K, used 52548K [0x0000000785200000, 0x000000078a3f0000, 0x00000007d70b0000)
  object space 83904K, 62% used [0x0000000785200000,0x0000000788551070,0x000000078a3f0000)
 PSPermGen       total 21248K, used 11346K [0x000000077ac00000, 0x000000077c0c0000, 0x0000000785200000)
  object space 21248K, 53% used [0x000000077ac00000,0x000000077b7149f8,0x000000077c0c0000)
Event: 211.546 GC heap after
Heap after GC invocations=59 (full 0):
 PSYoungGen      total 18048K, used 5666K [0x00000007d70b0000, 0x00000007d90a0000, 0x0000000800000000)
  eden space 12352K, 0% used [0x00000007d70b0000,0x00000007d70b0000,0x00000007d7cc0000)
  from space 5696K, 99% used [0x00000007d7ce0000,0x00000007d8268860,0x00000007d8270000)
  to   space 10176K, 0% used [0x00000007d86b0000,0x00000007d86b0000,0x00000007d90a0000)
 ParOldGen       total 83904K, used 52631K [0x0000000785200000, 0x000000078a3f0000, 0x00000007d70b0000)
  object space 83904K, 62% used [0x0000000785200000,0x0000000788565f68,0x000000078a3f0000)
 PSPermGen       total 21248K, used 11346K [0x000000077ac00000, 0x000000077c0c0000, 0x0000000785200000)
  object space 21248K, 53% used [0x000000077ac00000,0x000000077b7149f8,0x000000077c0c0000)
}
Event: 214.921 GC heap before
{Heap before GC invocations=60 (full 0):
 PSYoungGen      total 18048K, used 18018K [0x00000007d70b0000, 0x00000007d90a0000, 0x0000000800000000)
  eden space 12352K, 100% used [0x00000007d70b0000,0x00000007d7cc0000,0x00000007d7cc0000)
  from space 5696K, 99% used [0x00000007d7ce0000,0x00000007d8268860,0x00000007d8270000)
  to   space 10176K, 0% used [0x00000007d86b0000,0x00000007d86b0000,0x00000007d90a0000)
 ParOldGen       total 83904K, used 52631K [0x0000000785200000, 0x000000078a3f0000, 0x00000007d70b0000)
  object space 83904K, 62% used [0x0000000785200000,0x0000000788565f68,0x000000078a3f0000)
 PSPermGen       total 21248K, used 11560K [0x000000077ac00000, 0x000000077c0c0000, 0x0000000785200000)
  object space 21248K, 54% used [0x000000077ac00000,0x000000077b74a1c0,0x000000077c0c0000)
Event: 214.927 GC heap after
Heap after GC invocations=60 (full 0):
 PSYoungGen      total 22016K, used 5664K [0x00000007d70b0000, 0x00000007d9040000, 0x0000000800000000)
  eden space 12224K, 0% used [0x00000007d70b0000,0x00000007d70b0000,0x00000007d7ca0000)
  from space 9792K, 57% used [0x00000007d86b0000,0x00000007d8c38348,0x00000007d9040000)
  to   space 10048K, 0% used [0x00000007d7ca0000,0x00000007d7ca0000,0x00000007d8670000)
 ParOldGen       total 83904K, used 52732K [0x0000000785200000, 0x000000078a3f0000, 0x00000007d70b0000)
  object space 83904K, 62% used [0x0000000785200000,0x000000078857f388,0x000000078a3f0000)
 PSPermGen       total 21248K, used 11560K [0x000000077ac00000, 0x000000077c0c0000, 0x0000000785200000)
  object space 21248K, 54% used [0x000000077ac00000,0x000000077b74a1c0,0x000000077c0c0000)
}
Event: 218.168 GC heap before
{Heap before GC invocations=61 (full 0):
 PSYoungGen      total 22016K, used 17888K [0x00000007d70b0000, 0x00000007d9040000, 0x0000000800000000)
  eden space 12224K, 100% used [0x00000007d70b0000,0x00000007d7ca0000,0x00000007d7ca0000)
  from space 9792K, 57% used [0x00000007d86b0000,0x00000007d8c38348,0x00000007d9040000)
  to   space 10048K, 0% used [0x00000007d7ca0000,0x00000007d7ca0000,0x00000007d8670000)
 ParOldGen       total 83904K, used 52732K [0x0000000785200000, 0x000000078a3f0000, 0x00000007d70b0000)
  object space 83904K, 62% used [0x0000000785200000,0x000000078857f388,0x000000078a3f0000)
 PSPermGen       total 21248K, used 11750K [0x000000077ac00000, 0x000000077c0c0000, 0x0000000785200000)
  object space 21248K, 55% used [0x000000077ac00000,0x000000077b779808,0x000000077c0c0000)
Event: 218.174 GC heap after
Heap after GC invocations=61 (full 0):
 PSYoungGen      total 17920K, used 5788K [0x00000007d70b0000, 0x00000007d8fc0000, 0x0000000800000000)
  eden space 12096K, 0% used [0x00000007d70b0000,0x00000007d70b0000,0x00000007d7c80000)
  from space 5824K, 99% used [0x00000007d7ca0000,0x00000007d8247050,0x00000007d8250000)
  to   space 9856K, 0% used [0x00000007d8620000,0x00000007d8620000,0x00000007d8fc0000)
 ParOldGen       total 83904K, used 52844K [0x0000000785200000, 0x000000078a3f0000, 0x00000007d70b0000)
  object space 83904K, 62% used [0x0000000785200000,0x000000078859b2e8,0x000000078a3f0000)
 PSPermGen       total 21248K, used 11750K [0x000000077ac00000, 0x000000077c0c0000, 0x0000000785200000)
  object space 21248K, 55% used [0x000000077ac00000,0x000000077b779808,0x000000077c0c0000)
}
Event: 221.884 GC heap before
{Heap before GC invocations=62 (full 0):
 PSYoungGen      total 17920K, used 17861K [0x00000007d70b0000, 0x00000007d8fc0000, 0x0000000800000000)
  eden space 12096K, 99% used [0x00000007d70b0000,0x00000007d7c7a4a0,0x00000007d7c80000)
  from space 5824K, 99% used [0x00000007d7ca0000,0x00000007d8247050,0x00000007d8250000)
  to   space 9856K, 0% used [0x00000007d8620000,0x00000007d8620000,0x00000007d8fc0000)
 ParOldGen       total 83904K, used 52844K [0x0000000785200000, 0x000000078a3f0000, 0x00000007d70b0000)
  object space 83904K, 62% used [0x0000000785200000,0x000000078859b2e8,0x000000078a3f0000)
 PSPermGen       total 21248K, used 11795K [0x000000077ac00000, 0x000000077c0c0000, 0x0000000785200000)
  object space 21248K, 55% used [0x000000077ac00000,0x000000077b784df0,0x000000077c0c0000)
Event: 221.892 GC heap after
Heap after GC invocations=62 (full 0):
 PSYoungGen      total 21312K, used 5926K [0x00000007d70b0000, 0x00000007d8f40000, 0x0000000800000000)
  eden space 11968K, 0% used [0x00000007d70b0000,0x00000007d70b0000,0x00000007d7c60000)
  from space 9344K, 63% used [0x00000007d8620000,0x00000007d8be9b78,0x00000007d8f40000)
  to   space 9664K, 0% used [0x00000007d7c60000,0x00000007d7c60000,0x00000007d85d0000)
 ParOldGen       total 83904K, used 52924K [0x0000000785200000, 0x000000078a3f0000, 0x00000007d70b0000)
  object space 83904K, 63% used [0x0000000785200000,0x00000007885af2f8,0x000000078a3f0000)
 PSPermGen       total 21248K, used 11795K [0x000000077ac00000, 0x000000077c0c0000, 0x0000000785200000)
  object space 21248K, 55% used [0x000000077ac00000,0x000000077b784df0,0x000000077c0c0000)
}

